#
# There is insufficient memory for the Java Runtime Environment to continue.
# Native memory allocation (malloc) failed to allocate 32744 bytes for ChunkPool::allocate
# Possible reasons:
#   The system is out of physical RAM or swap space
#   The process is running with CompressedOops enabled, and the Java Heap may be blocking the growth of the native heap
# Possible solutions:
#   Reduce memory load on the system
#   Increase physical memory or swap space
#   Check if swap backing store is full
#   Decrease Java heap size (-Xmx/-Xms)
#   Decrease number of Java threads
#   Decrease Java thread stack sizes (-Xss)
#   Set larger code cache with -XX:ReservedCodeCacheSize=
#   JVM is running with Unscaled Compressed Oops mode in which the Java heap is
#     placed in the first 4GB address space. The Java Heap base address is the
#     maximum limit for the native heap growth. Please use -XX:HeapBaseMinAddress
#     to set the Java Heap base and to place the Java Heap above 4GB virtual address.
# This output file may be truncated or incomplete.
#
#  Out of Memory Error (src/hotspot/share/memory/arena.cpp:81), pid=3220, tid=6060
#
# JRE version: OpenJDK Runtime Environment JBR-11.0.15.10-2043.56-jcef (11.0.15+10) (build 11.0.15+10-b2043.56)
# Java VM: OpenJDK 64-Bit Server VM JBR-11.0.15.10-2043.56-jcef (11.0.15+10-b2043.56, mixed mode, tiered, compressed oops, g1 gc, windows-amd64)
# No core dump will be written. Minidumps are not enabled by default on client versions of Windows
#

---------------  S U M M A R Y ------------

Command Line: -Djava.rmi.server.hostname=127.0.0.1 -Duser.timezone=UTC -Xmx750m -Xms128m -Dfile.encoding=UTF-8 com.intellij.database.remote.RemoteJdbcServer com.mysql.cj.jdbc.Driver

Host: Intel(R) Core(TM) i5-6200U CPU @ 2.30GHz, 4 cores, 3G,  Windows 10 , 64 bit Build 19041 (10.0.19041.1806)
Time: Tue Aug  9 09:32:24 2022 SE Asia Standard Time elapsed time: 0.855646 seconds (0d 0h 0m 0s)

---------------  T H R E A D  ---------------

Current thread (0x000002e17f287800):  JavaThread "C2 CompilerThread0" daemon [_thread_in_native, id=6060, stack(0x000000f5a2700000,0x000000f5a2800000)]


Current CompileTask:
C2:    855  268       4       java.util.concurrent.ConcurrentHashMap::casTabAt (21 bytes)

Stack: [0x000000f5a2700000,0x000000f5a2800000]
Native frames: (J=compiled Java code, j=interpreted, Vv=VM code, C=native code)
V  [jvm.dll+0x61612a]
V  [jvm.dll+0x79c450]
V  [jvm.dll+0x79da6d]
V  [jvm.dll+0x79e143]
V  [jvm.dll+0x24cc18]
V  [jvm.dll+0xc182b]
V  [jvm.dll+0xc1adc]
V  [jvm.dll+0x204b71]
V  [jvm.dll+0x5ab395]
V  [jvm.dll+0x5aa11e]
V  [jvm.dll+0x2051f2]
V  [jvm.dll+0x2044d7]
V  [jvm.dll+0x18b6b1]
V  [jvm.dll+0x2131bf]
V  [jvm.dll+0x211a61]
V  [jvm.dll+0x76300f]
V  [jvm.dll+0x75bc15]
V  [jvm.dll+0x614d96]
C  [ucrtbase.dll+0x21bb2]
C  [KERNEL32.DLL+0x17034]
C  [ntdll.dll+0x52651]


---------------  P R O C E S S  ---------------

Threads class SMR info:
_java_thread_list=0x000002e17fe16710, length=11, elements={
0x000002e178dc9000, 0x000002e17f262800, 0x000002e17f26b800, 0x000002e17f281800,
0x000002e17f282800, 0x000002e17f284000, 0x000002e17f287800, 0x000002e17f291000,
0x000002e17f29b800, 0x000002e17fd6b000, 0x000002e17fdc4800
}

Java Threads: ( => current thread )
  0x000002e178dc9000 JavaThread "main" [_thread_in_vm, id=11772, stack(0x000000f5a1b00000,0x000000f5a1c00000)]
  0x000002e17f262800 JavaThread "Reference Handler" daemon [_thread_blocked, id=9192, stack(0x000000f5a2200000,0x000000f5a2300000)]
  0x000002e17f26b800 JavaThread "Finalizer" daemon [_thread_blocked, id=7652, stack(0x000000f5a2300000,0x000000f5a2400000)]
  0x000002e17f281800 JavaThread "Signal Dispatcher" daemon [_thread_blocked, id=2428, stack(0x000000f5a2400000,0x000000f5a2500000)]
  0x000002e17f282800 JavaThread "Attach Listener" daemon [_thread_blocked, id=11448, stack(0x000000f5a2500000,0x000000f5a2600000)]
  0x000002e17f284000 JavaThread "Service Thread" daemon [_thread_blocked, id=3504, stack(0x000000f5a2600000,0x000000f5a2700000)]
=>0x000002e17f287800 JavaThread "C2 CompilerThread0" daemon [_thread_in_native, id=6060, stack(0x000000f5a2700000,0x000000f5a2800000)]
  0x000002e17f291000 JavaThread "C1 CompilerThread0" daemon [_thread_blocked, id=8184, stack(0x000000f5a2800000,0x000000f5a2900000)]
  0x000002e17f29b800 JavaThread "Sweeper thread" daemon [_thread_blocked, id=8244, stack(0x000000f5a2900000,0x000000f5a2a00000)]
  0x000002e17fd6b000 JavaThread "Common-Cleaner" daemon [_thread_blocked, id=1448, stack(0x000000f5a2b00000,0x000000f5a2c00000)]
  0x000002e17fdc4800 JavaThread "mysql-cj-abandoned-connection-cleanup" daemon [_thread_blocked, id=10188, stack(0x000000f5a2c00000,0x000000f5a2d00000)]

Other Threads:
  0x000002e17f23c000 VMThread "VM Thread" [stack: 0x000000f5a2100000,0x000000f5a2200000] [id=11600]
  0x000002e17fd5d000 WatcherThread [stack: 0x000000f5a2a00000,0x000000f5a2b00000] [id=4388]
  0x000002e178de3000 GCTaskThread "GC Thread#0" [stack: 0x000000f5a1c00000,0x000000f5a1d00000] [id=5488]
  0x000002e178df9000 ConcurrentGCThread "G1 Main Marker" [stack: 0x000000f5a1d00000,0x000000f5a1e00000] [id=2348]
  0x000002e178dfc000 ConcurrentGCThread "G1 Conc#0" [stack: 0x000000f5a1e00000,0x000000f5a1f00000] [id=12044]
  0x000002e178e87800 ConcurrentGCThread "G1 Refine#0" [stack: 0x000000f5a1f00000,0x000000f5a2000000] [id=7024]
  0x000002e178e88800 ConcurrentGCThread "G1 Young RemSet Sampling" [stack: 0x000000f5a2000000,0x000000f5a2100000] [id=8140]

Threads with active compile tasks:
C2 CompilerThread0     1002  268       4       java.util.concurrent.ConcurrentHashMap::casTabAt (21 bytes)

VM state:not at safepoint (normal execution)

VM Mutex/Monitor currently owned by a thread: None

Heap address: 0x00000000d1200000, size: 750 MB, Compressed Oops mode: 32-bit
Narrow klass base: 0x0000000000000000, Narrow klass shift: 3
Compressed class space size: 1073741824 Address: 0x0000000100000000

Heap:
 garbage-first heap   total 131072K, used 2048K [0x00000000d1200000, 0x0000000100000000)
  region size 1024K, 4 young (4096K), 0 survivors (0K)
 Metaspace       used 6452K, capacity 6573K, committed 6784K, reserved 1056768K
  class space    used 559K, capacity 615K, committed 640K, reserved 1048576K
Heap Regions: E=young(eden), S=young(survivor), O=old, HS=humongous(starts), HC=humongous(continues), CS=collection set, F=free, A=archive, TAMS=top-at-mark-start (previous, next)
|   0|0x00000000d1200000, 0x00000000d1200000, 0x00000000d1300000|  0%| F|  |TAMS 0x00000000d1200000, 0x00000000d1200000| Untracked 
|   1|0x00000000d1300000, 0x00000000d1300000, 0x00000000d1400000|  0%| F|  |TAMS 0x00000000d1300000, 0x00000000d1300000| Untracked 
|   2|0x00000000d1400000, 0x00000000d1400000, 0x00000000d1500000|  0%| F|  |TAMS 0x00000000d1400000, 0x00000000d1400000| Untracked 
|   3|0x00000000d1500000, 0x00000000d1500000, 0x00000000d1600000|  0%| F|  |TAMS 0x00000000d1500000, 0x00000000d1500000| Untracked 
|   4|0x00000000d1600000, 0x00000000d1600000, 0x00000000d1700000|  0%| F|  |TAMS 0x00000000d1600000, 0x00000000d1600000| Untracked 
|   5|0x00000000d1700000, 0x00000000d1700000, 0x00000000d1800000|  0%| F|  |TAMS 0x00000000d1700000, 0x00000000d1700000| Untracked 
|   6|0x00000000d1800000, 0x00000000d1800000, 0x00000000d1900000|  0%| F|  |TAMS 0x00000000d1800000, 0x00000000d1800000| Untracked 
|   7|0x00000000d1900000, 0x00000000d1900000, 0x00000000d1a00000|  0%| F|  |TAMS 0x00000000d1900000, 0x00000000d1900000| Untracked 
|   8|0x00000000d1a00000, 0x00000000d1a00000, 0x00000000d1b00000|  0%| F|  |TAMS 0x00000000d1a00000, 0x00000000d1a00000| Untracked 
|   9|0x00000000d1b00000, 0x00000000d1b00000, 0x00000000d1c00000|  0%| F|  |TAMS 0x00000000d1b00000, 0x00000000d1b00000| Untracked 
|  10|0x00000000d1c00000, 0x00000000d1c00000, 0x00000000d1d00000|  0%| F|  |TAMS 0x00000000d1c00000, 0x00000000d1c00000| Untracked 
|  11|0x00000000d1d00000, 0x00000000d1d00000, 0x00000000d1e00000|  0%| F|  |TAMS 0x00000000d1d00000, 0x00000000d1d00000| Untracked 
|  12|0x00000000d1e00000, 0x00000000d1e00000, 0x00000000d1f00000|  0%| F|  |TAMS 0x00000000d1e00000, 0x00000000d1e00000| Untracked 
|  13|0x00000000d1f00000, 0x00000000d1f00000, 0x00000000d2000000|  0%| F|  |TAMS 0x00000000d1f00000, 0x00000000d1f00000| Untracked 
|  14|0x00000000d2000000, 0x00000000d2000000, 0x00000000d2100000|  0%| F|  |TAMS 0x00000000d2000000, 0x00000000d2000000| Untracked 
|  15|0x00000000d2100000, 0x00000000d2100000, 0x00000000d2200000|  0%| F|  |TAMS 0x00000000d2100000, 0x00000000d2100000| Untracked 
|  16|0x00000000d2200000, 0x00000000d2200000, 0x00000000d2300000|  0%| F|  |TAMS 0x00000000d2200000, 0x00000000d2200000| Untracked 
|  17|0x00000000d2300000, 0x00000000d2300000, 0x00000000d2400000|  0%| F|  |TAMS 0x00000000d2300000, 0x00000000d2300000| Untracked 
|  18|0x00000000d2400000, 0x00000000d2400000, 0x00000000d2500000|  0%| F|  |TAMS 0x00000000d2400000, 0x00000000d2400000| Untracked 
|  19|0x00000000d2500000, 0x00000000d2500000, 0x00000000d2600000|  0%| F|  |TAMS 0x00000000d2500000, 0x00000000d2500000| Untracked 
|  20|0x00000000d2600000, 0x00000000d2600000, 0x00000000d2700000|  0%| F|  |TAMS 0x00000000d2600000, 0x00000000d2600000| Untracked 
|  21|0x00000000d2700000, 0x00000000d2700000, 0x00000000d2800000|  0%| F|  |TAMS 0x00000000d2700000, 0x00000000d2700000| Untracked 
|  22|0x00000000d2800000, 0x00000000d2800000, 0x00000000d2900000|  0%| F|  |TAMS 0x00000000d2800000, 0x00000000d2800000| Untracked 
|  23|0x00000000d2900000, 0x00000000d2900000, 0x00000000d2a00000|  0%| F|  |TAMS 0x00000000d2900000, 0x00000000d2900000| Untracked 
|  24|0x00000000d2a00000, 0x00000000d2a00000, 0x00000000d2b00000|  0%| F|  |TAMS 0x00000000d2a00000, 0x00000000d2a00000| Untracked 
|  25|0x00000000d2b00000, 0x00000000d2b00000, 0x00000000d2c00000|  0%| F|  |TAMS 0x00000000d2b00000, 0x00000000d2b00000| Untracked 
|  26|0x00000000d2c00000, 0x00000000d2c00000, 0x00000000d2d00000|  0%| F|  |TAMS 0x00000000d2c00000, 0x00000000d2c00000| Untracked 
|  27|0x00000000d2d00000, 0x00000000d2d00000, 0x00000000d2e00000|  0%| F|  |TAMS 0x00000000d2d00000, 0x00000000d2d00000| Untracked 
|  28|0x00000000d2e00000, 0x00000000d2e00000, 0x00000000d2f00000|  0%| F|  |TAMS 0x00000000d2e00000, 0x00000000d2e00000| Untracked 
|  29|0x00000000d2f00000, 0x00000000d2f00000, 0x00000000d3000000|  0%| F|  |TAMS 0x00000000d2f00000, 0x00000000d2f00000| Untracked 
|  30|0x00000000d3000000, 0x00000000d3000000, 0x00000000d3100000|  0%| F|  |TAMS 0x00000000d3000000, 0x00000000d3000000| Untracked 
|  31|0x00000000d3100000, 0x00000000d3100000, 0x00000000d3200000|  0%| F|  |TAMS 0x00000000d3100000, 0x00000000d3100000| Untracked 
|  32|0x00000000d3200000, 0x00000000d3200000, 0x00000000d3300000|  0%| F|  |TAMS 0x00000000d3200000, 0x00000000d3200000| Untracked 
|  33|0x00000000d3300000, 0x00000000d3300000, 0x00000000d3400000|  0%| F|  |TAMS 0x00000000d3300000, 0x00000000d3300000| Untracked 
|  34|0x00000000d3400000, 0x00000000d3400000, 0x00000000d3500000|  0%| F|  |TAMS 0x00000000d3400000, 0x00000000d3400000| Untracked 
|  35|0x00000000d3500000, 0x00000000d3500000, 0x00000000d3600000|  0%| F|  |TAMS 0x00000000d3500000, 0x00000000d3500000| Untracked 
|  36|0x00000000d3600000, 0x00000000d3600000, 0x00000000d3700000|  0%| F|  |TAMS 0x00000000d3600000, 0x00000000d3600000| Untracked 
|  37|0x00000000d3700000, 0x00000000d3700000, 0x00000000d3800000|  0%| F|  |TAMS 0x00000000d3700000, 0x00000000d3700000| Untracked 
|  38|0x00000000d3800000, 0x00000000d3800000, 0x00000000d3900000|  0%| F|  |TAMS 0x00000000d3800000, 0x00000000d3800000| Untracked 
|  39|0x00000000d3900000, 0x00000000d3900000, 0x00000000d3a00000|  0%| F|  |TAMS 0x00000000d3900000, 0x00000000d3900000| Untracked 
|  40|0x00000000d3a00000, 0x00000000d3a00000, 0x00000000d3b00000|  0%| F|  |TAMS 0x00000000d3a00000, 0x00000000d3a00000| Untracked 
|  41|0x00000000d3b00000, 0x00000000d3b00000, 0x00000000d3c00000|  0%| F|  |TAMS 0x00000000d3b00000, 0x00000000d3b00000| Untracked 
|  42|0x00000000d3c00000, 0x00000000d3c00000, 0x00000000d3d00000|  0%| F|  |TAMS 0x00000000d3c00000, 0x00000000d3c00000| Untracked 
|  43|0x00000000d3d00000, 0x00000000d3d00000, 0x00000000d3e00000|  0%| F|  |TAMS 0x00000000d3d00000, 0x00000000d3d00000| Untracked 
|  44|0x00000000d3e00000, 0x00000000d3e00000, 0x00000000d3f00000|  0%| F|  |TAMS 0x00000000d3e00000, 0x00000000d3e00000| Untracked 
|  45|0x00000000d3f00000, 0x00000000d3f00000, 0x00000000d4000000|  0%| F|  |TAMS 0x00000000d3f00000, 0x00000000d3f00000| Untracked 
|  46|0x00000000d4000000, 0x00000000d4000000, 0x00000000d4100000|  0%| F|  |TAMS 0x00000000d4000000, 0x00000000d4000000| Untracked 
|  47|0x00000000d4100000, 0x00000000d4100000, 0x00000000d4200000|  0%| F|  |TAMS 0x00000000d4100000, 0x00000000d4100000| Untracked 
|  48|0x00000000d4200000, 0x00000000d4200000, 0x00000000d4300000|  0%| F|  |TAMS 0x00000000d4200000, 0x00000000d4200000| Untracked 
|  49|0x00000000d4300000, 0x00000000d4300000, 0x00000000d4400000|  0%| F|  |TAMS 0x00000000d4300000, 0x00000000d4300000| Untracked 
|  50|0x00000000d4400000, 0x00000000d4400000, 0x00000000d4500000|  0%| F|  |TAMS 0x00000000d4400000, 0x00000000d4400000| Untracked 
|  51|0x00000000d4500000, 0x00000000d4500000, 0x00000000d4600000|  0%| F|  |TAMS 0x00000000d4500000, 0x00000000d4500000| Untracked 
|  52|0x00000000d4600000, 0x00000000d4600000, 0x00000000d4700000|  0%| F|  |TAMS 0x00000000d4600000, 0x00000000d4600000| Untracked 
|  53|0x00000000d4700000, 0x00000000d4700000, 0x00000000d4800000|  0%| F|  |TAMS 0x00000000d4700000, 0x00000000d4700000| Untracked 
|  54|0x00000000d4800000, 0x00000000d4800000, 0x00000000d4900000|  0%| F|  |TAMS 0x00000000d4800000, 0x00000000d4800000| Untracked 
|  55|0x00000000d4900000, 0x00000000d4900000, 0x00000000d4a00000|  0%| F|  |TAMS 0x00000000d4900000, 0x00000000d4900000| Untracked 
|  56|0x00000000d4a00000, 0x00000000d4a00000, 0x00000000d4b00000|  0%| F|  |TAMS 0x00000000d4a00000, 0x00000000d4a00000| Untracked 
|  57|0x00000000d4b00000, 0x00000000d4b00000, 0x00000000d4c00000|  0%| F|  |TAMS 0x00000000d4b00000, 0x00000000d4b00000| Untracked 
|  58|0x00000000d4c00000, 0x00000000d4c00000, 0x00000000d4d00000|  0%| F|  |TAMS 0x00000000d4c00000, 0x00000000d4c00000| Untracked 
|  59|0x00000000d4d00000, 0x00000000d4d00000, 0x00000000d4e00000|  0%| F|  |TAMS 0x00000000d4d00000, 0x00000000d4d00000| Untracked 
|  60|0x00000000d4e00000, 0x00000000d4e00000, 0x00000000d4f00000|  0%| F|  |TAMS 0x00000000d4e00000, 0x00000000d4e00000| Untracked 
|  61|0x00000000d4f00000, 0x00000000d4f00000, 0x00000000d5000000|  0%| F|  |TAMS 0x00000000d4f00000, 0x00000000d4f00000| Untracked 
|  62|0x00000000d5000000, 0x00000000d5000000, 0x00000000d5100000|  0%| F|  |TAMS 0x00000000d5000000, 0x00000000d5000000| Untracked 
|  63|0x00000000d5100000, 0x00000000d5100000, 0x00000000d5200000|  0%| F|  |TAMS 0x00000000d5100000, 0x00000000d5100000| Untracked 
|  64|0x00000000d5200000, 0x00000000d5200000, 0x00000000d5300000|  0%| F|  |TAMS 0x00000000d5200000, 0x00000000d5200000| Untracked 
|  65|0x00000000d5300000, 0x00000000d5300000, 0x00000000d5400000|  0%| F|  |TAMS 0x00000000d5300000, 0x00000000d5300000| Untracked 
|  66|0x00000000d5400000, 0x00000000d5400000, 0x00000000d5500000|  0%| F|  |TAMS 0x00000000d5400000, 0x00000000d5400000| Untracked 
|  67|0x00000000d5500000, 0x00000000d5500000, 0x00000000d5600000|  0%| F|  |TAMS 0x00000000d5500000, 0x00000000d5500000| Untracked 
|  68|0x00000000d5600000, 0x00000000d5600000, 0x00000000d5700000|  0%| F|  |TAMS 0x00000000d5600000, 0x00000000d5600000| Untracked 
|  69|0x00000000d5700000, 0x00000000d5700000, 0x00000000d5800000|  0%| F|  |TAMS 0x00000000d5700000, 0x00000000d5700000| Untracked 
|  70|0x00000000d5800000, 0x00000000d5800000, 0x00000000d5900000|  0%| F|  |TAMS 0x00000000d5800000, 0x00000000d5800000| Untracked 
|  71|0x00000000d5900000, 0x00000000d5900000, 0x00000000d5a00000|  0%| F|  |TAMS 0x00000000d5900000, 0x00000000d5900000| Untracked 
|  72|0x00000000d5a00000, 0x00000000d5a00000, 0x00000000d5b00000|  0%| F|  |TAMS 0x00000000d5a00000, 0x00000000d5a00000| Untracked 
|  73|0x00000000d5b00000, 0x00000000d5b00000, 0x00000000d5c00000|  0%| F|  |TAMS 0x00000000d5b00000, 0x00000000d5b00000| Untracked 
|  74|0x00000000d5c00000, 0x00000000d5c00000, 0x00000000d5d00000|  0%| F|  |TAMS 0x00000000d5c00000, 0x00000000d5c00000| Untracked 
|  75|0x00000000d5d00000, 0x00000000d5d00000, 0x00000000d5e00000|  0%| F|  |TAMS 0x00000000d5d00000, 0x00000000d5d00000| Untracked 
|  76|0x00000000d5e00000, 0x00000000d5e00000, 0x00000000d5f00000|  0%| F|  |TAMS 0x00000000d5e00000, 0x00000000d5e00000| Untracked 
|  77|0x00000000d5f00000, 0x00000000d5f00000, 0x00000000d6000000|  0%| F|  |TAMS 0x00000000d5f00000, 0x00000000d5f00000| Untracked 
|  78|0x00000000d6000000, 0x00000000d6000000, 0x00000000d6100000|  0%| F|  |TAMS 0x00000000d6000000, 0x00000000d6000000| Untracked 
|  79|0x00000000d6100000, 0x00000000d6100000, 0x00000000d6200000|  0%| F|  |TAMS 0x00000000d6100000, 0x00000000d6100000| Untracked 
|  80|0x00000000d6200000, 0x00000000d6200000, 0x00000000d6300000|  0%| F|  |TAMS 0x00000000d6200000, 0x00000000d6200000| Untracked 
|  81|0x00000000d6300000, 0x00000000d6300000, 0x00000000d6400000|  0%| F|  |TAMS 0x00000000d6300000, 0x00000000d6300000| Untracked 
|  82|0x00000000d6400000, 0x00000000d6400000, 0x00000000d6500000|  0%| F|  |TAMS 0x00000000d6400000, 0x00000000d6400000| Untracked 
|  83|0x00000000d6500000, 0x00000000d6500000, 0x00000000d6600000|  0%| F|  |TAMS 0x00000000d6500000, 0x00000000d6500000| Untracked 
|  84|0x00000000d6600000, 0x00000000d6600000, 0x00000000d6700000|  0%| F|  |TAMS 0x00000000d6600000, 0x00000000d6600000| Untracked 
|  85|0x00000000d6700000, 0x00000000d6700000, 0x00000000d6800000|  0%| F|  |TAMS 0x00000000d6700000, 0x00000000d6700000| Untracked 
|  86|0x00000000d6800000, 0x00000000d6800000, 0x00000000d6900000|  0%| F|  |TAMS 0x00000000d6800000, 0x00000000d6800000| Untracked 
|  87|0x00000000d6900000, 0x00000000d6900000, 0x00000000d6a00000|  0%| F|  |TAMS 0x00000000d6900000, 0x00000000d6900000| Untracked 
|  88|0x00000000d6a00000, 0x00000000d6a00000, 0x00000000d6b00000|  0%| F|  |TAMS 0x00000000d6a00000, 0x00000000d6a00000| Untracked 
|  89|0x00000000d6b00000, 0x00000000d6b00000, 0x00000000d6c00000|  0%| F|  |TAMS 0x00000000d6b00000, 0x00000000d6b00000| Untracked 
|  90|0x00000000d6c00000, 0x00000000d6c00000, 0x00000000d6d00000|  0%| F|  |TAMS 0x00000000d6c00000, 0x00000000d6c00000| Untracked 
|  91|0x00000000d6d00000, 0x00000000d6d00000, 0x00000000d6e00000|  0%| F|  |TAMS 0x00000000d6d00000, 0x00000000d6d00000| Untracked 
|  92|0x00000000d6e00000, 0x00000000d6e00000, 0x00000000d6f00000|  0%| F|  |TAMS 0x00000000d6e00000, 0x00000000d6e00000| Untracked 
|  93|0x00000000d6f00000, 0x00000000d6f00000, 0x00000000d7000000|  0%| F|  |TAMS 0x00000000d6f00000, 0x00000000d6f00000| Untracked 
|  94|0x00000000d7000000, 0x00000000d7000000, 0x00000000d7100000|  0%| F|  |TAMS 0x00000000d7000000, 0x00000000d7000000| Untracked 
|  95|0x00000000d7100000, 0x00000000d7100000, 0x00000000d7200000|  0%| F|  |TAMS 0x00000000d7100000, 0x00000000d7100000| Untracked 
|  96|0x00000000d7200000, 0x00000000d7200000, 0x00000000d7300000|  0%| F|  |TAMS 0x00000000d7200000, 0x00000000d7200000| Untracked 
|  97|0x00000000d7300000, 0x00000000d7300000, 0x00000000d7400000|  0%| F|  |TAMS 0x00000000d7300000, 0x00000000d7300000| Untracked 
|  98|0x00000000d7400000, 0x00000000d7400000, 0x00000000d7500000|  0%| F|  |TAMS 0x00000000d7400000, 0x00000000d7400000| Untracked 
|  99|0x00000000d7500000, 0x00000000d7500000, 0x00000000d7600000|  0%| F|  |TAMS 0x00000000d7500000, 0x00000000d7500000| Untracked 
| 100|0x00000000d7600000, 0x00000000d7600000, 0x00000000d7700000|  0%| F|  |TAMS 0x00000000d7600000, 0x00000000d7600000| Untracked 
| 101|0x00000000d7700000, 0x00000000d7700000, 0x00000000d7800000|  0%| F|  |TAMS 0x00000000d7700000, 0x00000000d7700000| Untracked 
| 102|0x00000000d7800000, 0x00000000d7800000, 0x00000000d7900000|  0%| F|  |TAMS 0x00000000d7800000, 0x00000000d7800000| Untracked 
| 103|0x00000000d7900000, 0x00000000d7900000, 0x00000000d7a00000|  0%| F|  |TAMS 0x00000000d7900000, 0x00000000d7900000| Untracked 
| 104|0x00000000d7a00000, 0x00000000d7a00000, 0x00000000d7b00000|  0%| F|  |TAMS 0x00000000d7a00000, 0x00000000d7a00000| Untracked 
| 105|0x00000000d7b00000, 0x00000000d7b00000, 0x00000000d7c00000|  0%| F|  |TAMS 0x00000000d7b00000, 0x00000000d7b00000| Untracked 
| 106|0x00000000d7c00000, 0x00000000d7c00000, 0x00000000d7d00000|  0%| F|  |TAMS 0x00000000d7c00000, 0x00000000d7c00000| Untracked 
| 107|0x00000000d7d00000, 0x00000000d7d00000, 0x00000000d7e00000|  0%| F|  |TAMS 0x00000000d7d00000, 0x00000000d7d00000| Untracked 
| 108|0x00000000d7e00000, 0x00000000d7e00000, 0x00000000d7f00000|  0%| F|  |TAMS 0x00000000d7e00000, 0x00000000d7e00000| Untracked 
| 109|0x00000000d7f00000, 0x00000000d7f00000, 0x00000000d8000000|  0%| F|  |TAMS 0x00000000d7f00000, 0x00000000d7f00000| Untracked 
| 110|0x00000000d8000000, 0x00000000d8000000, 0x00000000d8100000|  0%| F|  |TAMS 0x00000000d8000000, 0x00000000d8000000| Untracked 
| 111|0x00000000d8100000, 0x00000000d8100000, 0x00000000d8200000|  0%| F|  |TAMS 0x00000000d8100000, 0x00000000d8100000| Untracked 
| 112|0x00000000d8200000, 0x00000000d8200000, 0x00000000d8300000|  0%| F|  |TAMS 0x00000000d8200000, 0x00000000d8200000| Untracked 
| 113|0x00000000d8300000, 0x00000000d8300000, 0x00000000d8400000|  0%| F|  |TAMS 0x00000000d8300000, 0x00000000d8300000| Untracked 
| 114|0x00000000d8400000, 0x00000000d8400000, 0x00000000d8500000|  0%| F|  |TAMS 0x00000000d8400000, 0x00000000d8400000| Untracked 
| 115|0x00000000d8500000, 0x00000000d8500000, 0x00000000d8600000|  0%| F|  |TAMS 0x00000000d8500000, 0x00000000d8500000| Untracked 
| 116|0x00000000d8600000, 0x00000000d8600000, 0x00000000d8700000|  0%| F|  |TAMS 0x00000000d8600000, 0x00000000d8600000| Untracked 
| 117|0x00000000d8700000, 0x00000000d8700000, 0x00000000d8800000|  0%| F|  |TAMS 0x00000000d8700000, 0x00000000d8700000| Untracked 
| 118|0x00000000d8800000, 0x00000000d8800000, 0x00000000d8900000|  0%| F|  |TAMS 0x00000000d8800000, 0x00000000d8800000| Untracked 
| 119|0x00000000d8900000, 0x00000000d8900000, 0x00000000d8a00000|  0%| F|  |TAMS 0x00000000d8900000, 0x00000000d8900000| Untracked 
| 120|0x00000000d8a00000, 0x00000000d8a00000, 0x00000000d8b00000|  0%| F|  |TAMS 0x00000000d8a00000, 0x00000000d8a00000| Untracked 
| 121|0x00000000d8b00000, 0x00000000d8b00000, 0x00000000d8c00000|  0%| F|  |TAMS 0x00000000d8b00000, 0x00000000d8b00000| Untracked 
| 122|0x00000000d8c00000, 0x00000000d8c00000, 0x00000000d8d00000|  0%| F|  |TAMS 0x00000000d8c00000, 0x00000000d8c00000| Untracked 
| 123|0x00000000d8d00000, 0x00000000d8d00000, 0x00000000d8e00000|  0%| F|  |TAMS 0x00000000d8d00000, 0x00000000d8d00000| Untracked 
| 124|0x00000000d8e00000, 0x00000000d8e4a778, 0x00000000d8f00000| 29%| E|  |TAMS 0x00000000d8e00000, 0x00000000d8e00000| Complete 
| 125|0x00000000d8f00000, 0x00000000d9000000, 0x00000000d9000000|100%| E|CS|TAMS 0x00000000d8f00000, 0x00000000d8f00000| Complete 
| 126|0x00000000d9000000, 0x00000000d9100000, 0x00000000d9100000|100%| E|  |TAMS 0x00000000d9000000, 0x00000000d9000000| Complete 
| 127|0x00000000d9100000, 0x00000000d9200000, 0x00000000d9200000|100%| E|CS|TAMS 0x00000000d9100000, 0x00000000d9100000| Complete 

Card table byte_map: [0x000002e17d1f0000,0x000002e17d370000] _byte_map_base: 0x000002e17cb67000

Marking Bits (Prev, Next): (CMBitMap*) 0x000002e178df5028, (CMBitMap*) 0x000002e178df5060
 Prev Bits: [0x000002e17d4f0000, 0x000002e17e0a8000)
 Next Bits: [0x000002e17e0b0000, 0x000002e17ec68000)

Polling page: 0x000002e1774e0000

Metaspace:

Usage:
  Non-class:      5.82 MB capacity,     5.76 MB ( 99%) used,    60.28 KB (  1%) free+waste,     3.94 KB ( <1%) overhead. 
      Class:    615.00 KB capacity,   559.05 KB ( 91%) used,    53.82 KB (  9%) free+waste,     2.13 KB ( <1%) overhead. 
       Both:      6.42 MB capacity,     6.30 MB ( 98%) used,   114.10 KB (  2%) free+waste,     6.06 KB ( <1%) overhead. 

Virtual space:
  Non-class space:        8.00 MB reserved,       6.00 MB ( 75%) committed 
      Class space:        1.00 GB reserved,     640.00 KB ( <1%) committed 
             Both:        1.01 GB reserved,       6.63 MB ( <1%) committed 

Chunk freelists:
   Non-Class:  0 bytes
       Class:  0 bytes
        Both:  0 bytes

MaxMetaspaceSize: 17179869184.00 GB
CompressedClassSpaceSize: 1.00 GB
Initial GC threshold: 20.80 MB
Current GC threshold: 20.80 MB
CDS: off

CodeHeap 'non-profiled nmethods': size=120064Kb used=78Kb max_used=78Kb free=119985Kb
 bounds [0x000002e107ac0000, 0x000002e107d30000, 0x000002e10f000000]
CodeHeap 'profiled nmethods': size=120000Kb used=311Kb max_used=311Kb free=119688Kb
 bounds [0x000002e100590000, 0x000002e100800000, 0x000002e107ac0000]
CodeHeap 'non-nmethods': size=5696Kb used=1100Kb max_used=1110Kb free=4595Kb
 bounds [0x000002e100000000, 0x000002e100270000, 0x000002e100590000]
 total_blobs=612 nmethods=267 adapters=258
 compilation: enabled
              stopped_count=0, restarted_count=0
 full_count=0

Compilation events (20 events):
Event: 0.831 Thread 0x000002e17f291000  252       3       java.lang.Class::getClassLoader (28 bytes)
Event: 0.832 Thread 0x000002e17f291000 nmethod 252 0x000002e1005d5410 code [0x000002e1005d5640, 0x000002e1005d5f38]
Event: 0.832 Thread 0x000002e17f291000  253       1       java.lang.invoke.MethodHandle::type (5 bytes)
Event: 0.832 Thread 0x000002e17f291000 nmethod 253 0x000002e107ad2210 code [0x000002e107ad23c0, 0x000002e107ad2478]
Event: 0.834 Thread 0x000002e17f291000  254       3       java.lang.invoke.MethodType::makeImpl (108 bytes)
Event: 0.836 Thread 0x000002e17f291000 nmethod 254 0x000002e1005d6210 code [0x000002e1005d64e0, 0x000002e1005d72d8]
Event: 0.836 Thread 0x000002e17f291000  255       3       java.lang.invoke.MethodType$ConcurrentWeakInternSet::get (54 bytes)
Event: 0.837 Thread 0x000002e17f291000 nmethod 255 0x000002e1005d7790 code [0x000002e1005d7a00, 0x000002e1005d86b8]
Event: 0.837 Thread 0x000002e17f291000  256       3       java.lang.invoke.MethodType$ConcurrentWeakInternSet$WeakEntry::<init> (14 bytes)
Event: 0.837 Thread 0x000002e17f291000 nmethod 256 0x000002e1005d8a90 code [0x000002e1005d8c80, 0x000002e1005d90a8]
Event: 0.837 Thread 0x000002e17f291000  259       1       java.lang.invoke.LambdaForm$Name::index (5 bytes)
Event: 0.837 Thread 0x000002e17f291000 nmethod 259 0x000002e107ad2b10 code [0x000002e107ad2cc0, 0x000002e107ad2d78]
Event: 0.837 Thread 0x000002e17f291000  260       1       sun.invoke.util.Wrapper::basicTypeChar (5 bytes)
Event: 0.837 Thread 0x000002e17f291000 nmethod 260 0x000002e107ad2e10 code [0x000002e107ad2fc0, 0x000002e107ad3078]
Event: 0.837 Thread 0x000002e17f291000  261       3       java.lang.invoke.MethodType::equals (29 bytes)
Event: 0.838 Thread 0x000002e17f291000 nmethod 261 0x000002e1005d9210 code [0x000002e1005d9400, 0x000002e1005d98c8]
Event: 0.838 Thread 0x000002e17f291000  263       3       sun.invoke.util.Wrapper::hashPrim (30 bytes)
Event: 0.839 Thread 0x000002e17f291000 nmethod 263 0x000002e1005d9a10 code [0x000002e1005d9cc0, 0x000002e1005da8c8]
Event: 0.839 Thread 0x000002e17f291000  267       3       sun.invoke.util.VerifyAccess::isTypeVisible (118 bytes)
Event: 0.839 Thread 0x000002e17f287800  268       4       java.util.concurrent.ConcurrentHashMap::casTabAt (21 bytes)

GC Heap History (0 events):
No events

Deoptimization events (4 events):
Event: 0.481 Thread 0x000002e178dc9000 Uncommon trap: trap_request=0xffffff4d fr.pc=0x000002e107ac3718 relative=0x0000000000000178
Event: 0.481 Thread 0x000002e178dc9000 Uncommon trap: reason=unstable_if action=reinterpret pc=0x000002e107ac3718 method=java.lang.String.hashCode()I @ 14 c2
Event: 0.481 Thread 0x000002e178dc9000 DEOPT PACKING pc=0x000002e107ac3718 sp=0x000000f5a1bfd3e0
Event: 0.482 Thread 0x000002e178dc9000 DEOPT UNPACKING pc=0x000002e10004a1af sp=0x000000f5a1bfd378 mode 2

Classes redefined (0 events):
No events

Internal exceptions (0 events):
No events

Events (20 events):
Event: 0.819 loading class java/lang/ClassValue done
Event: 0.819 loading class java/lang/invoke/StringConcatFactory$Stringifiers$StringifierMost done
Event: 0.819 loading class java/lang/ClassValue$Entry
Event: 0.819 loading class java/lang/ClassValue$Entry done
Event: 0.819 loading class java/lang/ClassValue$Identity
Event: 0.819 loading class java/lang/ClassValue$Identity done
Event: 0.819 loading class java/lang/ClassValue$Version
Event: 0.819 loading class java/lang/ClassValue$Version done
Event: 0.819 loading class java/lang/invoke/StringConcatFactory$Stringifiers$StringifierAny
Event: 0.819 loading class java/lang/invoke/StringConcatFactory$Stringifiers$StringifierAny done
Event: 0.820 loading class java/lang/ClassValue$ClassValueMap
Event: 0.820 loading class java/lang/ClassValue$ClassValueMap done
Event: 0.820 loading class java/lang/invoke/BoundMethodHandle$Species_LL
Event: 0.821 loading class java/lang/invoke/BoundMethodHandle$Species_LL done
Event: 0.831 loading class java/lang/invoke/BoundMethodHandle$Species_LLL
Event: 0.831 loading class java/lang/invoke/BoundMethodHandle$Species_LLL done
Event: 0.834 loading class java/lang/invoke/BoundMethodHandle$Species_LLLL
Event: 0.834 loading class java/lang/invoke/BoundMethodHandle$Species_LLLL done
Event: 0.840 loading class java/lang/invoke/BoundMethodHandle$Species_LLLLL
Event: 0.841 loading class java/lang/invoke/BoundMethodHandle$Species_LLLLL done


Dynamic libraries:
0x00007ff7c4d50000 - 0x00007ff7c4d5a000 	C:\Program Files\JetBrains\IntelliJ IDEA 2022.1.3\jbr\bin\java.exe
0x00007ffbf1030000 - 0x00007ffbf1228000 	C:\Windows\SYSTEM32\ntdll.dll
0x00007ffbf0c60000 - 0x00007ffbf0d1d000 	C:\Windows\System32\KERNEL32.DLL
0x00007ffbee970000 - 0x00007ffbeec3e000 	C:\Windows\System32\KERNELBASE.dll
0x00007ffbee870000 - 0x00007ffbee970000 	C:\Windows\System32\ucrtbase.dll
0x00007ffb99b90000 - 0x00007ffb99ba6000 	C:\Program Files\JetBrains\IntelliJ IDEA 2022.1.3\jbr\bin\VCRUNTIME140.dll
0x00007ffbbc690000 - 0x00007ffbbc6a9000 	C:\Program Files\JetBrains\IntelliJ IDEA 2022.1.3\jbr\bin\jli.dll
0x00007ffbef2b0000 - 0x00007ffbef450000 	C:\Windows\System32\USER32.dll
0x00007ffbef060000 - 0x00007ffbef082000 	C:\Windows\System32\win32u.dll
0x00007ffbf0ec0000 - 0x00007ffbf0eea000 	C:\Windows\System32\GDI32.dll
0x00007ffbeef50000 - 0x00007ffbef05b000 	C:\Windows\System32\gdi32full.dll
0x00007ffbeec70000 - 0x00007ffbeed0d000 	C:\Windows\System32\msvcp_win.dll
0x00007ffbdb520000 - 0x00007ffbdb7ba000 	C:\Windows\WinSxS\amd64_microsoft.windows.common-controls_6595b64144ccf1df_6.0.19041.1110_none_60b5254171f9507e\COMCTL32.dll
0x00007ffbefd30000 - 0x00007ffbefdce000 	C:\Windows\System32\msvcrt.dll
0x00007ffbf0ef0000 - 0x00007ffbf0f20000 	C:\Windows\System32\IMM32.DLL
0x00007ffbbc6d0000 - 0x00007ffbbc77a000 	C:\Program Files\JetBrains\IntelliJ IDEA 2022.1.3\jbr\bin\msvcp140.dll
0x00007ffb938e0000 - 0x00007ffb9445b000 	C:\Program Files\JetBrains\IntelliJ IDEA 2022.1.3\jbr\bin\server\jvm.dll
0x00007ffbf0b00000 - 0x00007ffbf0bae000 	C:\Windows\System32\ADVAPI32.dll
0x00007ffbef090000 - 0x00007ffbef12c000 	C:\Windows\System32\sechost.dll
0x00007ffbf0d20000 - 0x00007ffbf0e45000 	C:\Windows\System32\RPCRT4.dll
0x00007ffbef2a0000 - 0x00007ffbef2a8000 	C:\Windows\System32\PSAPI.DLL
0x00007ffbe4020000 - 0x00007ffbe4047000 	C:\Windows\SYSTEM32\WINMM.dll
0x00007ffbda020000 - 0x00007ffbda029000 	C:\Windows\SYSTEM32\WSOCK32.dll
0x00007ffbf0a90000 - 0x00007ffbf0afb000 	C:\Windows\System32\WS2_32.dll
0x00007ffbe4ee0000 - 0x00007ffbe4eea000 	C:\Windows\SYSTEM32\VERSION.dll
0x00007ffbecfe0000 - 0x00007ffbecff2000 	C:\Windows\SYSTEM32\kernel.appcore.dll
0x00007ffbda000000 - 0x00007ffbda011000 	C:\Program Files\JetBrains\IntelliJ IDEA 2022.1.3\jbr\bin\verify.dll
0x00007ffbd73c0000 - 0x00007ffbd75a4000 	C:\Windows\SYSTEM32\DBGHELP.DLL
0x00007ffbd7380000 - 0x00007ffbd73ac000 	C:\Windows\SYSTEM32\dbgcore.DLL
0x00007ffbeed10000 - 0x00007ffbeed92000 	C:\Windows\System32\bcryptPrimitives.dll
0x00007ffbbef50000 - 0x00007ffbbef79000 	C:\Program Files\JetBrains\IntelliJ IDEA 2022.1.3\jbr\bin\java.dll
0x00007ffbc4580000 - 0x00007ffbc458b000 	C:\Program Files\JetBrains\IntelliJ IDEA 2022.1.3\jbr\bin\jimage.dll
0x00007ffbbcf00000 - 0x00007ffbbcf19000 	C:\Program Files\JetBrains\IntelliJ IDEA 2022.1.3\jbr\bin\zip.dll
0x00007ffbf0340000 - 0x00007ffbf0a84000 	C:\Windows\System32\SHELL32.dll
0x00007ffbec7e0000 - 0x00007ffbecf74000 	C:\Windows\SYSTEM32\windows.storage.dll
0x00007ffbefdd0000 - 0x00007ffbf0124000 	C:\Windows\System32\combase.dll
0x00007ffbee0e0000 - 0x00007ffbee110000 	C:\Windows\SYSTEM32\Wldp.dll
0x00007ffbef4b0000 - 0x00007ffbef55d000 	C:\Windows\System32\SHCORE.dll
0x00007ffbef560000 - 0x00007ffbef5b5000 	C:\Windows\System32\shlwapi.dll
0x00007ffbee690000 - 0x00007ffbee6af000 	C:\Windows\SYSTEM32\profapi.dll
0x00007ffbbc640000 - 0x00007ffbbc65a000 	C:\Program Files\JetBrains\IntelliJ IDEA 2022.1.3\jbr\bin\net.dll
0x00007ffbdb130000 - 0x00007ffbdb23a000 	C:\Windows\SYSTEM32\WINHTTP.dll
0x00007ffbede40000 - 0x00007ffbedeaa000 	C:\Windows\system32\mswsock.dll
0x00007ffb99c00000 - 0x00007ffb99c14000 	C:\Program Files\JetBrains\IntelliJ IDEA 2022.1.3\jbr\bin\nio.dll

dbghelp: loaded successfully - version: 4.0.5 - missing functions: none
symbol engine: initialized successfully - sym options: 0x614 - pdb path: .;C:\Program Files\JetBrains\IntelliJ IDEA 2022.1.3\jbr\bin;C:\Windows\SYSTEM32;C:\Windows\WinSxS\amd64_microsoft.windows.common-controls_6595b64144ccf1df_6.0.19041.1110_none_60b5254171f9507e;C:\Program Files\JetBrains\IntelliJ IDEA 2022.1.3\jbr\bin\server

VM Arguments:
jvm_args: -Djava.rmi.server.hostname=127.0.0.1 -Duser.timezone=UTC -Xmx750m -Xms128m -Dfile.encoding=UTF-8 
java_command: com.intellij.database.remote.RemoteJdbcServer com.mysql.cj.jdbc.Driver
java_class_path (initial): C:\Program Files\JetBrains\IntelliJ IDEA 2022.1.3\lib\util_rt.jar;C:\Program Files\JetBrains\IntelliJ IDEA 2022.1.3\lib\util.jar;C:\Program Files\JetBrains\IntelliJ IDEA 2022.1.3\lib\groovy.jar;C:\Program Files\JetBrains\IntelliJ IDEA 2022.1.3\plugins\DatabaseTools\lib\jdbc-console.jar;C:\Users\Windows 10\AppData\Roaming\JetBrains\IntelliJIdea2022.1\jdbc-drivers\MySQL ConnectorJ\8.0.25\mysql-connector-java-8.0.25.jar
Launcher Type: SUN_STANDARD

[Global flags]
     intx CICompilerCount                          = 3                                         {product} {ergonomic}
     uint ConcGCThreads                            = 1                                         {product} {ergonomic}
     uint G1ConcRefinementThreads                  = 4                                         {product} {ergonomic}
   size_t G1HeapRegionSize                         = 1048576                                   {product} {ergonomic}
    uintx GCDrainStackTargetSize                   = 64                                        {product} {ergonomic}
   size_t InitialHeapSize                          = 134217728                                 {product} {command line}
   size_t MarkStackSize                            = 4194304                                   {product} {ergonomic}
   size_t MaxHeapSize                              = 786432000                                 {product} {command line}
   size_t MaxNewSize                               = 471859200                                 {product} {ergonomic}
   size_t MinHeapDeltaBytes                        = 1048576                                   {product} {ergonomic}
    uintx NonNMethodCodeHeapSize                   = 5830732                                {pd product} {ergonomic}
    uintx NonProfiledCodeHeapSize                  = 122913754                              {pd product} {ergonomic}
    uintx ProfiledCodeHeapSize                     = 122913754                              {pd product} {ergonomic}
    uintx ReservedCodeCacheSize                    = 251658240                              {pd product} {ergonomic}
     bool SegmentedCodeCache                       = true                                      {product} {ergonomic}
     bool UseCompressedClassPointers               = true                                 {lp64_product} {ergonomic}
     bool UseCompressedOops                        = true                                 {lp64_product} {ergonomic}
     bool UseG1GC                                  = true                                      {product} {ergonomic}
     bool UseLargePagesIndividualAllocation        = false                                  {pd product} {ergonomic}

Logging:
Log output configuration:
 #0: stdout all=warning uptime,level,tags
 #1: stderr all=off uptime,level,tags

Environment Variables:
PATH=C:\Windows\system32;C:\Windows;C:\Windows\System32\Wbem;C:\Windows\System32\WindowsPowerShell\v1.0\;C:\Windows\System32\OpenSSH\;C:\Program Files (x86)\AOMEI\AOMEI Backupper\6.5.0;C:\Program Files\Git\cmd;C:\Program Files\nodejs\;C:\Users\Windows 10\AppData\Local\Microsoft\WindowsApps;;C:\Users\Windows 10\AppData\Local\Programs\Microsoft VS Code\bin;C:\Program Files\JetBrains\IntelliJ IDEA 2022.1.3\bin;;C:\Users\Windows 10\AppData\Roaming\npm
USERNAME=Windows 10
OS=Windows_NT
PROCESSOR_IDENTIFIER=Intel64 Family 6 Model 78 Stepping 3, GenuineIntel



---------------  S Y S T E M  ---------------

OS: Windows 10 , 64 bit Build 19041 (10.0.19041.1806)
OS uptime: 0 days 1:32 hours

CPU:total 4 (initial active 4) (2 cores per cpu, 2 threads per core) family 6 model 78 stepping 3 microcode 0xcc, cmov, cx8, fxsr, mmx, sse, sse2, sse3, ssse3, sse4.1, sse4.2, popcnt, avx, avx2, aes, clmul, erms, 3dnowpref, lzcnt, ht, tsc, tscinvbit, bmi1, bmi2, adx, fma

Memory: 4k page, system-wide physical 3994M (330M free)
TotalPageFile size 11364M (AvailPageFile size 0M)
current process WorkingSet (physical memory assigned to process): 39M, peak: 39M
current process commit charge ("private bytes"): 197M, peak: 197M

vm_info: OpenJDK 64-Bit Server VM (11.0.15+10-b2043.56) for windows-amd64 JRE (11.0.15+10-b2043.56), built on May 16 2022 02:28:12 by "" with MS VC++ 14.0 (VS2015)

END.
