#
# There is insufficient memory for the Java Runtime Environment to continue.
# Native memory allocation (mmap) failed to map 16777216 bytes for Failed to commit area from 0x00000000c6500000 to 0x00000000c7500000 of length 16777216.
# Possible reasons:
#   The system is out of physical RAM or swap space
#   The process is running with CompressedOops enabled, and the Java Heap may be blocking the growth of the native heap
# Possible solutions:
#   Reduce memory load on the system
#   Increase physical memory or swap space
#   Check if swap backing store is full
#   Decrease Java heap size (-Xmx/-Xms)
#   Decrease number of Java threads
#   Decrease Java thread stack sizes (-Xss)
#   Set larger code cache with -XX:ReservedCodeCacheSize=
#   JVM is running with Unscaled Compressed Oops mode in which the Java heap is
#     placed in the first 4GB address space. The Java Heap base address is the
#     maximum limit for the native heap growth. Please use -XX:HeapBaseMinAddress
#     to set the Java Heap base and to place the Java Heap above 4GB virtual address.
# This output file may be truncated or incomplete.
#
#  Out of Memory Error (src/hotspot/os/windows/os_windows.cpp:3627), pid=12252, tid=6500
#
# JRE version: OpenJDK Runtime Environment JBR-11.0.15.10-2043.56-jcef (11.0.15+10) (build 11.0.15+10-b2043.56)
# Java VM: OpenJDK 64-Bit Server VM JBR-11.0.15.10-2043.56-jcef (11.0.15+10-b2043.56, mixed mode, tiered, compressed oops, g1 gc, windows-amd64)
# No core dump will be written. Minidumps are not enabled by default on client versions of Windows
#

---------------  S U M M A R Y ------------

Command Line: -XX:TieredStopAtLevel=1 -Xverify:none -Dspring.output.ansi.enabled=always -Dcom.sun.management.jmxremote -Dspring.jmx.enabled=true -Dspring.liveBeansView.mbeanDomain -Dspring.application.admin.enabled=true -javaagent:C:\Program Files\JetBrains\IntelliJ IDEA 2022.1.3\lib\idea_rt.jar=51604:C:\Program Files\JetBrains\IntelliJ IDEA 2022.1.3\bin -Dfile.encoding=UTF-8 com.example.airbnb.AirbnbApplication

Host: Intel(R) Core(TM) i5-6200U CPU @ 2.30GHz, 4 cores, 3G,  Windows 10 , 64 bit Build 19041 (10.0.19041.1806)
Time: Tue Aug  9 09:55:41 2022 SE Asia Standard Time elapsed time: 12.825026 seconds (0d 0h 0m 12s)

---------------  T H R E A D  ---------------

Current thread (0x0000027d044bd000):  VMThread "VM Thread" [stack: 0x0000009a3e100000,0x0000009a3e200000] [id=6500]

Stack: [0x0000009a3e100000,0x0000009a3e200000]
[error occurred during error reporting (printing stack bounds), id 0xc0000005, EXCEPTION_ACCESS_VIOLATION (0xc0000005) at pc=0x0000027d70ae112d]

Native frames: (J=compiled Java code, j=interpreted, Vv=VM code, C=native code)
V  [jvm.dll+0x61612a]
V  [jvm.dll+0x79c450]
V  [jvm.dll+0x79da6d]
V  [jvm.dll+0x79e0a5]
V  [jvm.dll+0x79e05b]
V  [jvm.dll+0x615254]
V  [jvm.dll+0x6159e8]
C  [ntdll.dll+0xa229f]
C  [ntdll.dll+0x51454]
C  [ntdll.dll+0xa0dce]
C  0x0000027d70ae112d

VM_Operation (0x0000009a3dbf74a0): G1CollectForAllocation, mode: safepoint, requested by thread 0x0000027d6ce86000


---------------  P R O C E S S  ---------------

Threads class SMR info:
_java_thread_list=0x0000027d0584f4e0, length=16, elements={
0x0000027d6ce86000, 0x0000027d044e2800, 0x0000027d044e3800, 0x0000027d04543000,
0x0000027d04544000, 0x0000027d04545000, 0x0000027d04555800, 0x0000027d0455c000,
0x0000027d04f9b000, 0x0000027d0525c800, 0x0000027d055c4000, 0x0000027d06b5b000,
0x0000027d06ab1000, 0x0000027d06ffe800, 0x0000027d05718800, 0x0000027d058b9800
}

Java Threads: ( => current thread )
  0x0000027d6ce86000 JavaThread "main" [_thread_blocked, id=5252, stack(0x0000009a3db00000,0x0000009a3dc00000)]
  0x0000027d044e2800 JavaThread "Reference Handler" daemon [_thread_blocked, id=888, stack(0x0000009a3e200000,0x0000009a3e300000)]
  0x0000027d044e3800 JavaThread "Finalizer" daemon [_thread_blocked, id=4392, stack(0x0000009a3e300000,0x0000009a3e400000)]
  0x0000027d04543000 JavaThread "Signal Dispatcher" daemon [_thread_blocked, id=5080, stack(0x0000009a3e400000,0x0000009a3e500000)]
  0x0000027d04544000 JavaThread "Attach Listener" daemon [_thread_blocked, id=11308, stack(0x0000009a3e500000,0x0000009a3e600000)]
  0x0000027d04545000 JavaThread "Service Thread" daemon [_thread_blocked, id=10872, stack(0x0000009a3e600000,0x0000009a3e700000)]
  0x0000027d04555800 JavaThread "C1 CompilerThread0" daemon [_thread_blocked, id=11524, stack(0x0000009a3e700000,0x0000009a3e800000)]
  0x0000027d0455c000 JavaThread "Sweeper thread" daemon [_thread_blocked, id=6260, stack(0x0000009a3e800000,0x0000009a3e900000)]
  0x0000027d04f9b000 JavaThread "Common-Cleaner" daemon [_thread_blocked, id=8664, stack(0x0000009a3e900000,0x0000009a3ea00000)]
  0x0000027d0525c800 JavaThread "Monitor Ctrl-Break" daemon [_thread_in_native, id=1188, stack(0x0000009a3ea00000,0x0000009a3eb00000)]
  0x0000027d055c4000 JavaThread "RMI TCP Accept-0" daemon [_thread_in_native, id=8368, stack(0x0000009a3eb00000,0x0000009a3ec00000)]
  0x0000027d06b5b000 JavaThread "RMI TCP Connection(1)-192.168.1.19" daemon [_thread_in_native, id=7648, stack(0x0000009a3ed00000,0x0000009a3ee00000)]
  0x0000027d06ab1000 JavaThread "RMI Scheduler(0)" daemon [_thread_blocked, id=6332, stack(0x0000009a3f100000,0x0000009a3f200000)]
  0x0000027d06ffe800 JavaThread "mysql-cj-abandoned-connection-cleanup" daemon [_thread_blocked, id=8268, stack(0x0000009a3f200000,0x0000009a3f300000)]
  0x0000027d05718800 JavaThread "HikariPool-1 housekeeper" daemon [_thread_blocked, id=5432, stack(0x0000009a3f400000,0x0000009a3f500000)]
  0x0000027d058b9800 JavaThread "HikariPool-1 connection adder" daemon [_thread_blocked, id=6120, stack(0x0000009a3f500000,0x0000009a3f600000)]

Other Threads:
=>0x0000027d044bd000 VMThread "VM Thread" [stack: 0x0000009a3e100000,0x0000009a3e200000] [id=6500]
  0x0000027d055ca000 WatcherThread [stack: 0x0000009a3ec00000,0x0000009a3ed00000] [id=2400]
  0x0000027d6cea0800 GCTaskThread "GC Thread#0" [stack: 0x0000009a3dc00000,0x0000009a3dd00000] [id=9568]
  0x0000027d05662000 GCTaskThread "GC Thread#1" [stack: 0x0000009a3ee00000,0x0000009a3ef00000] [id=11340]
  0x0000027d065a4000 GCTaskThread "GC Thread#2" [stack: 0x0000009a3ef00000,0x0000009a3f000000] [id=8692]
  0x0000027d05a5e000 GCTaskThread "GC Thread#3" [stack: 0x0000009a3f000000,0x0000009a3f100000] [id=7284]
  0x0000027d6cebb000 ConcurrentGCThread "G1 Main Marker" [stack: 0x0000009a3dd00000,0x0000009a3de00000] [id=10068]
  0x0000027d6cebc000 ConcurrentGCThread "G1 Conc#0" [stack: 0x0000009a3de00000,0x0000009a3df00000] [id=9348]
  0x0000027d6cf15800 ConcurrentGCThread "G1 Refine#0" [stack: 0x0000009a3df00000,0x0000009a3e000000] [id=5260]
  0x0000027d6cf17800 ConcurrentGCThread "G1 Young RemSet Sampling" [stack: 0x0000009a3e000000,0x0000009a3e100000] [id=10912]

Threads with active compile tasks:

VM state:at safepoint (normal execution)

VM Mutex/Monitor currently owned by a thread:  ([mutex/lock_event])
[0x0000027d6ce83350] Threads_lock - owner thread: 0x0000027d044bd000
[0x0000027d6ce833e0] Heap_lock - owner thread: 0x0000027d6ce86000

Heap address: 0x00000000c1800000, size: 1000 MB, Compressed Oops mode: 32-bit
Narrow klass base: 0x0000000000000000, Narrow klass shift: 3
Compressed class space size: 1073741824 Address: 0x0000000100000000

Heap:
 garbage-first heap   total 95232K, used 23924K [0x00000000c1800000, 0x0000000100000000)
  region size 1024K, 2 young (2048K), 2 survivors (2048K)
 Metaspace       used 49242K, capacity 50600K, committed 50716K, reserved 1093632K
  class space    used 6272K, capacity 6795K, committed 6860K, reserved 1048576K
Heap Regions: E=young(eden), S=young(survivor), O=old, HS=humongous(starts), HC=humongous(continues), CS=collection set, F=free, A=archive, TAMS=top-at-mark-start (previous, next)
|   0|0x00000000c1800000, 0x00000000c1900000, 0x00000000c1900000|100%|HS|  |TAMS 0x00000000c1900000, 0x00000000c1800000| Complete 
|   1|0x00000000c1900000, 0x00000000c1a00000, 0x00000000c1a00000|100%| O|  |TAMS 0x00000000c1a00000, 0x00000000c1900000| Untracked 
|   2|0x00000000c1a00000, 0x00000000c1b00000, 0x00000000c1b00000|100%| O|  |TAMS 0x00000000c1b00000, 0x00000000c1a00000| Untracked 
|   3|0x00000000c1b00000, 0x00000000c1c00000, 0x00000000c1c00000|100%| O|  |TAMS 0x00000000c1c00000, 0x00000000c1b00000| Untracked 
|   4|0x00000000c1c00000, 0x00000000c1d00000, 0x00000000c1d00000|100%| O|  |TAMS 0x00000000c1d00000, 0x00000000c1c00000| Untracked 
|   5|0x00000000c1d00000, 0x00000000c1e00000, 0x00000000c1e00000|100%| O|  |TAMS 0x00000000c1e00000, 0x00000000c1d00000| Untracked 
|   6|0x00000000c1e00000, 0x00000000c1f00000, 0x00000000c1f00000|100%| O|  |TAMS 0x00000000c1f00000, 0x00000000c1e00000| Untracked 
|   7|0x00000000c1f00000, 0x00000000c2000000, 0x00000000c2000000|100%| O|  |TAMS 0x00000000c2000000, 0x00000000c1f00000| Untracked 
|   8|0x00000000c2000000, 0x00000000c2100000, 0x00000000c2100000|100%| O|  |TAMS 0x00000000c2100000, 0x00000000c2000000| Untracked 
|   9|0x00000000c2100000, 0x00000000c2200000, 0x00000000c2200000|100%| O|  |TAMS 0x00000000c2200000, 0x00000000c2100000| Untracked 
|  10|0x00000000c2200000, 0x00000000c2300000, 0x00000000c2300000|100%| O|  |TAMS 0x00000000c2300000, 0x00000000c2200000| Untracked 
|  11|0x00000000c2300000, 0x00000000c2400000, 0x00000000c2400000|100%| O|  |TAMS 0x00000000c2400000, 0x00000000c2300000| Untracked 
|  12|0x00000000c2400000, 0x00000000c2500000, 0x00000000c2500000|100%| O|  |TAMS 0x00000000c2500000, 0x00000000c2400000| Untracked 
|  13|0x00000000c2500000, 0x00000000c2600000, 0x00000000c2600000|100%| O|  |TAMS 0x00000000c2600000, 0x00000000c2500000| Untracked 
|  14|0x00000000c2600000, 0x00000000c2700000, 0x00000000c2700000|100%| O|  |TAMS 0x00000000c2651a00, 0x00000000c2600000| Untracked 
|  15|0x00000000c2700000, 0x00000000c2800000, 0x00000000c2800000|100%| O|  |TAMS 0x00000000c2700000, 0x00000000c2700000| Untracked 
|  16|0x00000000c2800000, 0x00000000c2900000, 0x00000000c2900000|100%| O|  |TAMS 0x00000000c2800000, 0x00000000c2800000| Untracked 
|  17|0x00000000c2900000, 0x00000000c2a00000, 0x00000000c2a00000|100%| O|  |TAMS 0x00000000c2900000, 0x00000000c2900000| Untracked 
|  18|0x00000000c2a00000, 0x00000000c2b00000, 0x00000000c2b00000|100%| O|  |TAMS 0x00000000c2a00000, 0x00000000c2a00000| Untracked 
|  19|0x00000000c2b00000, 0x00000000c2c00000, 0x00000000c2c00000|100%| O|  |TAMS 0x00000000c2b00000, 0x00000000c2b00000| Untracked 
|  20|0x00000000c2c00000, 0x00000000c2d00000, 0x00000000c2d00000|100%| O|  |TAMS 0x00000000c2c00000, 0x00000000c2c00000| Untracked 
|  21|0x00000000c2d00000, 0x00000000c2d7b800, 0x00000000c2e00000| 48%| O|  |TAMS 0x00000000c2d00000, 0x00000000c2d00000| Untracked 
|  22|0x00000000c2e00000, 0x00000000c2e00000, 0x00000000c2f00000|  0%| F|  |TAMS 0x00000000c2e00000, 0x00000000c2e00000| Untracked 
|  23|0x00000000c2f00000, 0x00000000c2f00000, 0x00000000c3000000|  0%| F|  |TAMS 0x00000000c2f00000, 0x00000000c2f00000| Untracked 
|  24|0x00000000c3000000, 0x00000000c3000000, 0x00000000c3100000|  0%| F|  |TAMS 0x00000000c3000000, 0x00000000c3000000| Untracked 
|  25|0x00000000c3100000, 0x00000000c3100000, 0x00000000c3200000|  0%| F|  |TAMS 0x00000000c3100000, 0x00000000c3100000| Untracked 
|  26|0x00000000c3200000, 0x00000000c3200000, 0x00000000c3300000|  0%| F|  |TAMS 0x00000000c3200000, 0x00000000c3200000| Untracked 
|  27|0x00000000c3300000, 0x00000000c3300000, 0x00000000c3400000|  0%| F|  |TAMS 0x00000000c3300000, 0x00000000c3300000| Untracked 
|  28|0x00000000c3400000, 0x00000000c3400000, 0x00000000c3500000|  0%| F|  |TAMS 0x00000000c3400000, 0x00000000c3400000| Untracked 
|  29|0x00000000c3500000, 0x00000000c3500000, 0x00000000c3600000|  0%| F|  |TAMS 0x00000000c3500000, 0x00000000c3500000| Untracked 
|  30|0x00000000c3600000, 0x00000000c3600000, 0x00000000c3700000|  0%| F|  |TAMS 0x00000000c3600000, 0x00000000c3600000| Untracked 
|  31|0x00000000c3700000, 0x00000000c3700000, 0x00000000c3800000|  0%| F|  |TAMS 0x00000000c3700000, 0x00000000c3700000| Untracked 
|  32|0x00000000c3800000, 0x00000000c3800000, 0x00000000c3900000|  0%| F|  |TAMS 0x00000000c3800000, 0x00000000c3800000| Untracked 
|  33|0x00000000c3900000, 0x00000000c3900000, 0x00000000c3a00000|  0%| F|  |TAMS 0x00000000c3900000, 0x00000000c3900000| Untracked 
|  34|0x00000000c3a00000, 0x00000000c3a00000, 0x00000000c3b00000|  0%| F|  |TAMS 0x00000000c3a00000, 0x00000000c3a00000| Untracked 
|  35|0x00000000c3b00000, 0x00000000c3b00000, 0x00000000c3c00000|  0%| F|  |TAMS 0x00000000c3b00000, 0x00000000c3b00000| Untracked 
|  36|0x00000000c3c00000, 0x00000000c3c00000, 0x00000000c3d00000|  0%| F|  |TAMS 0x00000000c3c00000, 0x00000000c3c00000| Untracked 
|  37|0x00000000c3d00000, 0x00000000c3d00000, 0x00000000c3e00000|  0%| F|  |TAMS 0x00000000c3d00000, 0x00000000c3d00000| Untracked 
|  38|0x00000000c3e00000, 0x00000000c3e00000, 0x00000000c3f00000|  0%| F|  |TAMS 0x00000000c3e00000, 0x00000000c3e00000| Untracked 
|  39|0x00000000c3f00000, 0x00000000c3f00000, 0x00000000c4000000|  0%| F|  |TAMS 0x00000000c3f00000, 0x00000000c3f00000| Untracked 
|  40|0x00000000c4000000, 0x00000000c4000000, 0x00000000c4100000|  0%| F|  |TAMS 0x00000000c4000000, 0x00000000c4000000| Untracked 
|  41|0x00000000c4100000, 0x00000000c4100000, 0x00000000c4200000|  0%| F|  |TAMS 0x00000000c4100000, 0x00000000c4100000| Untracked 
|  42|0x00000000c4200000, 0x00000000c4200000, 0x00000000c4300000|  0%| F|  |TAMS 0x00000000c4200000, 0x00000000c4200000| Untracked 
|  43|0x00000000c4300000, 0x00000000c43e1bc0, 0x00000000c4400000| 88%| S|CS|TAMS 0x00000000c4300000, 0x00000000c4300000| Complete 
|  44|0x00000000c4400000, 0x00000000c4500000, 0x00000000c4500000|100%| S|CS|TAMS 0x00000000c4400000, 0x00000000c4400000| Complete 
|  45|0x00000000c4500000, 0x00000000c4500000, 0x00000000c4600000|  0%| F|  |TAMS 0x00000000c4500000, 0x00000000c4500000| Untracked 
|  46|0x00000000c4600000, 0x00000000c4600000, 0x00000000c4700000|  0%| F|  |TAMS 0x00000000c4600000, 0x00000000c4600000| Untracked 
|  47|0x00000000c4700000, 0x00000000c4700000, 0x00000000c4800000|  0%| F|  |TAMS 0x00000000c4700000, 0x00000000c4700000| Untracked 
|  48|0x00000000c4800000, 0x00000000c4800000, 0x00000000c4900000|  0%| F|  |TAMS 0x00000000c4800000, 0x00000000c4800000| Untracked 
|  49|0x00000000c4900000, 0x00000000c4900000, 0x00000000c4a00000|  0%| F|  |TAMS 0x00000000c4900000, 0x00000000c4900000| Untracked 
|  50|0x00000000c4a00000, 0x00000000c4a00000, 0x00000000c4b00000|  0%| F|  |TAMS 0x00000000c4a00000, 0x00000000c4a00000| Untracked 
|  51|0x00000000c4b00000, 0x00000000c4b00000, 0x00000000c4c00000|  0%| F|  |TAMS 0x00000000c4b00000, 0x00000000c4b00000| Untracked 
|  52|0x00000000c4c00000, 0x00000000c4c00000, 0x00000000c4d00000|  0%| F|  |TAMS 0x00000000c4c00000, 0x00000000c4c00000| Untracked 
|  53|0x00000000c4d00000, 0x00000000c4d00000, 0x00000000c4e00000|  0%| F|  |TAMS 0x00000000c4d00000, 0x00000000c4d00000| Untracked 
|  54|0x00000000c4e00000, 0x00000000c4e00000, 0x00000000c4f00000|  0%| F|  |TAMS 0x00000000c4e00000, 0x00000000c4e00000| Untracked 
|  55|0x00000000c4f00000, 0x00000000c4f00000, 0x00000000c5000000|  0%| F|  |TAMS 0x00000000c4f00000, 0x00000000c4f00000| Untracked 
|  56|0x00000000c5000000, 0x00000000c5000000, 0x00000000c5100000|  0%| F|  |TAMS 0x00000000c5000000, 0x00000000c5000000| Untracked 
|  57|0x00000000c5100000, 0x00000000c5100000, 0x00000000c5200000|  0%| F|  |TAMS 0x00000000c5100000, 0x00000000c5100000| Untracked 
|  58|0x00000000c5200000, 0x00000000c5200000, 0x00000000c5300000|  0%| F|  |TAMS 0x00000000c5200000, 0x00000000c5200000| Untracked 
|  59|0x00000000c5300000, 0x00000000c5300000, 0x00000000c5400000|  0%| F|  |TAMS 0x00000000c5300000, 0x00000000c5300000| Untracked 
|  60|0x00000000c5400000, 0x00000000c5400000, 0x00000000c5500000|  0%| F|  |TAMS 0x00000000c5400000, 0x00000000c5400000| Untracked 
|  61|0x00000000c5500000, 0x00000000c5500000, 0x00000000c5600000|  0%| F|  |TAMS 0x00000000c5500000, 0x00000000c5500000| Untracked 
|  62|0x00000000c5600000, 0x00000000c5600000, 0x00000000c5700000|  0%| F|  |TAMS 0x00000000c5600000, 0x00000000c5600000| Untracked 
|  63|0x00000000c5700000, 0x00000000c5700000, 0x00000000c5800000|  0%| F|  |TAMS 0x00000000c5700000, 0x00000000c5700000| Untracked 
|  64|0x00000000c5800000, 0x00000000c5800000, 0x00000000c5900000|  0%| F|  |TAMS 0x00000000c5800000, 0x00000000c5800000| Untracked 
|  65|0x00000000c5900000, 0x00000000c5900000, 0x00000000c5a00000|  0%| F|  |TAMS 0x00000000c5900000, 0x00000000c5900000| Untracked 
|  66|0x00000000c5a00000, 0x00000000c5a00000, 0x00000000c5b00000|  0%| F|  |TAMS 0x00000000c5a00000, 0x00000000c5a00000| Untracked 
|  67|0x00000000c5b00000, 0x00000000c5b00000, 0x00000000c5c00000|  0%| F|  |TAMS 0x00000000c5b00000, 0x00000000c5b00000| Untracked 
|  68|0x00000000c5c00000, 0x00000000c5c00000, 0x00000000c5d00000|  0%| F|  |TAMS 0x00000000c5c00000, 0x00000000c5c00000| Untracked 
|  69|0x00000000c5d00000, 0x00000000c5d00000, 0x00000000c5e00000|  0%| F|  |TAMS 0x00000000c5d00000, 0x00000000c5d00000| Untracked 
|  70|0x00000000c5e00000, 0x00000000c5e00000, 0x00000000c5f00000|  0%| F|  |TAMS 0x00000000c5e00000, 0x00000000c5e00000| Untracked 
|  71|0x00000000c5f00000, 0x00000000c5f00000, 0x00000000c6000000|  0%| F|  |TAMS 0x00000000c5f00000, 0x00000000c5f00000| Untracked 
|  72|0x00000000c6000000, 0x00000000c6000000, 0x00000000c6100000|  0%| F|  |TAMS 0x00000000c6000000, 0x00000000c6000000| Untracked 
|  73|0x00000000c6100000, 0x00000000c6100000, 0x00000000c6200000|  0%| F|  |TAMS 0x00000000c6100000, 0x00000000c6100000| Untracked 
|  74|0x00000000c6200000, 0x00000000c6200000, 0x00000000c6300000|  0%| F|  |TAMS 0x00000000c6200000, 0x00000000c6200000| Untracked 
|  75|0x00000000c6300000, 0x00000000c6300000, 0x00000000c6400000|  0%| F|  |TAMS 0x00000000c6300000, 0x00000000c6300000| Untracked 
|  76|0x00000000c6400000, 0x00000000c6400000, 0x00000000c6500000|  0%| F|  |TAMS 0x00000000c6400000, 0x00000000c6400000| Untracked 

Card table byte_map: [0x0000027d7fce0000,0x0000027d7fee0000] _byte_map_base: 0x0000027d7f6d4000

Marking Bits (Prev, Next): (CMBitMap*) 0x0000027d6ceb6138, (CMBitMap*) 0x0000027d6ceb6170
 Prev Bits: [0x0000027d00200000, 0x0000027d011a0000)
 Next Bits: [0x0000027d011a0000, 0x0000027d02140000)

Polling page: 0x0000027d6ade0000

Metaspace:

Usage:
  Non-class:     42.78 MB capacity,    41.96 MB ( 98%) used,   677.73 KB (  2%) free+waste,   157.25 KB ( <1%) overhead. 
      Class:      6.64 MB capacity,     6.13 MB ( 92%) used,   446.11 KB (  7%) free+waste,    76.44 KB (  1%) overhead. 
       Both:     49.41 MB capacity,    48.09 MB ( 97%) used,     1.10 MB (  2%) free+waste,   233.69 KB ( <1%) overhead. 

Virtual space:
  Non-class space:       44.00 MB reserved,      42.83 MB ( 97%) committed 
      Class space:        1.00 GB reserved,       6.70 MB ( <1%) committed 
             Both:        1.04 GB reserved,      49.53 MB (  5%) committed 

Chunk freelists:
   Non-Class:  51.00 KB
       Class:  21.00 KB
        Both:  72.00 KB

MaxMetaspaceSize: 17179869184.00 GB
CompressedClassSpaceSize: 1.00 GB
Initial GC threshold: 20.80 MB
Current GC threshold: 59.00 MB
CDS: off

CodeHeap 'non-profiled nmethods': size=238912Kb used=6891Kb max_used=6891Kb free=232020Kb
 bounds [0x0000027d71190000, 0x0000027d71850000, 0x0000027d7fae0000]
CodeHeap 'non-nmethods': size=6848Kb used=1282Kb max_used=1282Kb free=5565Kb
 bounds [0x0000027d70ae0000, 0x0000027d70d50000, 0x0000027d71190000]
 total_blobs=5039 nmethods=4456 adapters=510
 compilation: enabled
              stopped_count=0, restarted_count=0
 full_count=0

Compilation events (20 events):
Event: 12.511 Thread 0x0000027d04555800 4444       1       java.io.ObjectInputStream$HandleTable::assign (48 bytes)
Event: 12.511 Thread 0x0000027d04555800 nmethod 4444 0x0000027d71847410 code [0x0000027d718475e0, 0x0000027d718477e8]
Event: 12.521 Thread 0x0000027d04555800 4448       1       sun.security.ssl.Authenticator::increaseSequenceNumber (29 bytes)
Event: 12.522 Thread 0x0000027d04555800 nmethod 4448 0x0000027d71847990 code [0x0000027d71847b40, 0x0000027d71847c58]
Event: 12.522 Thread 0x0000027d04555800 4449       1       org.jboss.logging.Log4j2Logger::isEnabled (12 bytes)
Event: 12.522 Thread 0x0000027d04555800 nmethod 4449 0x0000027d71847d10 code [0x0000027d71847ee0, 0x0000027d71848058]
Event: 12.525 Thread 0x0000027d04555800 4450       1       org.hibernate.boot.registry.classloading.internal.AggregatedClassLoader::access$000 (5 bytes)
Event: 12.525 Thread 0x0000027d04555800 nmethod 4450 0x0000027d71848190 code [0x0000027d71848340, 0x0000027d718483d8]
Event: 12.715 Thread 0x0000027d04555800 4451       1       java.util.ResourceBundle::getObject (82 bytes)
Event: 12.716 Thread 0x0000027d04555800 nmethod 4451 0x0000027d71848490 code [0x0000027d718486e0, 0x0000027d71848bd8]
Event: 12.716 Thread 0x0000027d04555800 4452       1       java.util.ResourceBundle::getString (9 bytes)
Event: 12.716 Thread 0x0000027d04555800 nmethod 4452 0x0000027d71848f10 code [0x0000027d718490c0, 0x0000027d718491c8]
Event: 12.716 Thread 0x0000027d04555800 4453       1       java.util.PropertyResourceBundle::handleGetObject (23 bytes)
Event: 12.716 Thread 0x0000027d04555800 nmethod 4453 0x0000027d71849290 code [0x0000027d71849460, 0x0000027d718495f8]
Event: 12.716 Thread 0x0000027d04555800 4454   !   1       com.mysql.cj.Messages::getString (95 bytes)
Event: 12.717 Thread 0x0000027d04555800 nmethod 4454 0x0000027d71849710 code [0x0000027d718499a0, 0x0000027d7184a078]
Event: 12.739 Thread 0x0000027d04555800 4455       1       ch.qos.logback.core.pattern.DynamicConverter::getFirstOption (35 bytes)
Event: 12.740 Thread 0x0000027d04555800 nmethod 4455 0x0000027d7184a510 code [0x0000027d7184a6e0, 0x0000027d7184a858]
Event: 12.741 Thread 0x0000027d04555800 4456       1       java.util.TreeMap$Entry::<init> (25 bytes)
Event: 12.742 Thread 0x0000027d04555800 nmethod 4456 0x0000027d7184a910 code [0x0000027d7184aac0, 0x0000027d7184ac98]

GC Heap History (20 events):
Event: 4.825 GC heap after
{Heap after GC invocations=4 (full 0):
 garbage-first heap   total 65536K, used 10526K [0x00000000c1800000, 0x0000000100000000)
  region size 1024K, 2 young (2048K), 2 survivors (2048K)
 Metaspace       used 20628K, capacity 21103K, committed 21296K, reserved 1069056K
  class space    used 2445K, capacity 2639K, committed 2688K, reserved 1048576K
}
Event: 4.831 GC heap before
{Heap before GC invocations=4 (full 0):
 garbage-first heap   total 65536K, used 10526K [0x00000000c1800000, 0x0000000100000000)
  region size 1024K, 3 young (3072K), 2 survivors (2048K)
 Metaspace       used 20713K, capacity 21199K, committed 21296K, reserved 1069056K
  class space    used 2452K, capacity 2671K, committed 2688K, reserved 1048576K
}
Event: 4.835 GC heap after
{Heap after GC invocations=5 (full 0):
 garbage-first heap   total 65536K, used 10591K [0x00000000c1800000, 0x0000000100000000)
  region size 1024K, 2 young (2048K), 2 survivors (2048K)
 Metaspace       used 20713K, capacity 21199K, committed 21296K, reserved 1069056K
  class space    used 2452K, capacity 2671K, committed 2688K, reserved 1048576K
}
Event: 5.159 GC heap before
{Heap before GC invocations=6 (full 0):
 garbage-first heap   total 65536K, used 31071K [0x00000000c1800000, 0x0000000100000000)
  region size 1024K, 23 young (23552K), 2 survivors (2048K)
 Metaspace       used 24720K, capacity 25435K, committed 25776K, reserved 1071104K
  class space    used 2942K, capacity 3211K, committed 3328K, reserved 1048576K
}
Event: 5.165 GC heap after
{Heap after GC invocations=7 (full 0):
 garbage-first heap   total 65536K, used 11401K [0x00000000c1800000, 0x0000000100000000)
  region size 1024K, 2 young (2048K), 2 survivors (2048K)
 Metaspace       used 24720K, capacity 25435K, committed 25776K, reserved 1071104K
  class space    used 2942K, capacity 3211K, committed 3328K, reserved 1048576K
}
Event: 6.000 GC heap before
{Heap before GC invocations=7 (full 0):
 garbage-first heap   total 65536K, used 33929K [0x00000000c1800000, 0x0000000100000000)
  region size 1024K, 25 young (25600K), 2 survivors (2048K)
 Metaspace       used 26359K, capacity 27101K, committed 27184K, reserved 1073152K
  class space    used 3175K, capacity 3452K, committed 3456K, reserved 1048576K
}
Event: 6.007 GC heap after
{Heap after GC invocations=8 (full 0):
 garbage-first heap   total 65536K, used 12432K [0x00000000c1800000, 0x0000000100000000)
  region size 1024K, 3 young (3072K), 3 survivors (3072K)
 Metaspace       used 26359K, capacity 27101K, committed 27184K, reserved 1073152K
  class space    used 3175K, capacity 3452K, committed 3456K, reserved 1048576K
}
Event: 6.436 GC heap before
{Heap before GC invocations=8 (full 0):
 garbage-first heap   total 65536K, used 37008K [0x00000000c1800000, 0x0000000100000000)
  region size 1024K, 27 young (27648K), 3 survivors (3072K)
 Metaspace       used 27844K, capacity 28772K, committed 29104K, reserved 1075200K
  class space    used 3412K, capacity 3760K, committed 3840K, reserved 1048576K
}
Event: 6.451 GC heap after
{Heap after GC invocations=9 (full 0):
 garbage-first heap   total 65536K, used 13366K [0x00000000c1800000, 0x0000000100000000)
  region size 1024K, 3 young (3072K), 3 survivors (3072K)
 Metaspace       used 27844K, capacity 28772K, committed 29104K, reserved 1075200K
  class space    used 3412K, capacity 3760K, committed 3840K, reserved 1048576K
}
Event: 7.190 GC heap before
{Heap before GC invocations=9 (full 0):
 garbage-first heap   total 65536K, used 38966K [0x00000000c1800000, 0x0000000100000000)
  region size 1024K, 28 young (28672K), 3 survivors (3072K)
 Metaspace       used 30166K, capacity 31130K, committed 31280K, reserved 1077248K
  class space    used 3761K, capacity 4140K, committed 4224K, reserved 1048576K
}
Event: 7.209 GC heap after
{Heap after GC invocations=10 (full 0):
 garbage-first heap   total 65536K, used 14604K [0x00000000c1800000, 0x0000000100000000)
  region size 1024K, 4 young (4096K), 4 survivors (4096K)
 Metaspace       used 30166K, capacity 31130K, committed 31280K, reserved 1077248K
  class space    used 3761K, capacity 4140K, committed 4224K, reserved 1048576K
}
Event: 7.933 GC heap before
{Heap before GC invocations=10 (full 0):
 garbage-first heap   total 65536K, used 40204K [0x00000000c1800000, 0x0000000100000000)
  region size 1024K, 29 young (29696K), 4 survivors (4096K)
 Metaspace       used 34520K, capacity 35611K, committed 35760K, reserved 1081344K
  class space    used 4348K, capacity 4774K, committed 4864K, reserved 1048576K
}
Event: 7.955 GC heap after
{Heap after GC invocations=11 (full 0):
 garbage-first heap   total 78848K, used 16659K [0x00000000c1800000, 0x0000000100000000)
  region size 1024K, 4 young (4096K), 4 survivors (4096K)
 Metaspace       used 34520K, capacity 35611K, committed 35760K, reserved 1081344K
  class space    used 4348K, capacity 4774K, committed 4864K, reserved 1048576K
}
Event: 7.987 GC heap before
{Heap before GC invocations=11 (full 0):
 garbage-first heap   total 78848K, used 17683K [0x00000000c1800000, 0x0000000100000000)
  region size 1024K, 6 young (6144K), 4 survivors (4096K)
 Metaspace       used 34681K, capacity 35850K, committed 35920K, reserved 1081344K
  class space    used 4393K, capacity 4855K, committed 4864K, reserved 1048576K
}
Event: 7.998 GC heap after
{Heap after GC invocations=12 (full 0):
 garbage-first heap   total 78848K, used 17031K [0x00000000c1800000, 0x0000000100000000)
  region size 1024K, 3 young (3072K), 3 survivors (3072K)
 Metaspace       used 34681K, capacity 35850K, committed 35920K, reserved 1081344K
  class space    used 4393K, capacity 4855K, committed 4864K, reserved 1048576K
}
Event: 8.886 GC heap before
{Heap before GC invocations=13 (full 0):
 garbage-first heap   total 78848K, used 48775K [0x00000000c1800000, 0x0000000100000000)
  region size 1024K, 33 young (33792K), 3 survivors (3072K)
 Metaspace       used 37169K, capacity 38354K, committed 38556K, reserved 1083392K
  class space    used 4665K, capacity 5177K, committed 5196K, reserved 1048576K
}
Event: 8.904 GC heap after
{Heap after GC invocations=14 (full 0):
 garbage-first heap   total 78848K, used 18460K [0x00000000c1800000, 0x0000000100000000)
  region size 1024K, 4 young (4096K), 4 survivors (4096K)
 Metaspace       used 37169K, capacity 38354K, committed 38556K, reserved 1083392K
  class space    used 4665K, capacity 5177K, committed 5196K, reserved 1048576K
}
Event: 11.866 GC heap before
{Heap before GC invocations=14 (full 0):
 garbage-first heap   total 78848K, used 52252K [0x00000000c1800000, 0x0000000100000000)
  region size 1024K, 37 young (37888K), 4 survivors (4096K)
 Metaspace       used 45365K, capacity 46732K, committed 47004K, reserved 1089536K
  class space    used 5617K, capacity 6130K, committed 6220K, reserved 1048576K
}
Event: 11.881 GC heap after
{Heap after GC invocations=15 (full 0):
 garbage-first heap   total 78848K, used 21939K [0x00000000c1800000, 0x0000000100000000)
  region size 1024K, 5 young (5120K), 5 survivors (5120K)
 Metaspace       used 45365K, capacity 46732K, committed 47004K, reserved 1089536K
  class space    used 5617K, capacity 6130K, committed 6220K, reserved 1048576K
}
Event: 12.799 GC heap before
{Heap before GC invocations=15 (full 0):
 garbage-first heap   total 78848K, used 54707K [0x00000000c1800000, 0x0000000100000000)
  region size 1024K, 37 young (37888K), 5 survivors (5120K)
 Metaspace       used 49242K, capacity 50600K, committed 50716K, reserved 1093632K
  class space    used 6272K, capacity 6795K, committed 6860K, reserved 1048576K
}

Deoptimization events (2 events):
Event: 6.800 Thread 0x0000027d6ce86000 DEOPT PACKING pc=0x0000027d7144c864 sp=0x0000009a3dbfd750
Event: 6.800 Thread 0x0000027d6ce86000 DEOPT UNPACKING pc=0x0000027d70b2a95e sp=0x0000009a3dbfccb8 mode 0

Classes redefined (0 events):
No events

Internal exceptions (20 events):
Event: 8.916 Thread 0x0000027d6ce86000 Implicit null exception at 0x0000027d714c3e6d to 0x0000027d714c415f
Event: 8.916 Thread 0x0000027d6ce86000 Exception <a 'java/lang/NullPointerException'{0x00000000c64572c0}> (0x00000000c64572c0) thrown at [src/hotspot/share/runtime/sharedRuntime.cpp, line 606]
Event: 8.916 Thread 0x0000027d6ce86000 Implicit null exception at 0x0000027d714c3e6d to 0x0000027d714c415f
Event: 8.916 Thread 0x0000027d6ce86000 Exception <a 'java/lang/NullPointerException'{0x00000000c6458900}> (0x00000000c6458900) thrown at [src/hotspot/share/runtime/sharedRuntime.cpp, line 606]
Event: 8.917 Thread 0x0000027d6ce86000 Implicit null exception at 0x0000027d714c3e6d to 0x0000027d714c415f
Event: 8.917 Thread 0x0000027d6ce86000 Exception <a 'java/lang/NullPointerException'{0x00000000c6459fa0}> (0x00000000c6459fa0) thrown at [src/hotspot/share/runtime/sharedRuntime.cpp, line 606]
Event: 8.917 Thread 0x0000027d6ce86000 Implicit null exception at 0x0000027d714c3e6d to 0x0000027d714c415f
Event: 8.917 Thread 0x0000027d6ce86000 Exception <a 'java/lang/NullPointerException'{0x00000000c645b5e0}> (0x00000000c645b5e0) thrown at [src/hotspot/share/runtime/sharedRuntime.cpp, line 606]
Event: 8.917 Thread 0x0000027d6ce86000 Implicit null exception at 0x0000027d714c3e6d to 0x0000027d714c415f
Event: 8.917 Thread 0x0000027d6ce86000 Exception <a 'java/lang/NullPointerException'{0x00000000c645cc90}> (0x00000000c645cc90) thrown at [src/hotspot/share/runtime/sharedRuntime.cpp, line 606]
Event: 8.990 Thread 0x0000027d06b5b000 Exception <a 'java/lang/reflect/InvocationTargetException'{0x00000000c63096c8}> (0x00000000c63096c8) thrown at [src/hotspot/share/runtime/reflection.cpp, line 1247]
Event: 9.500 Thread 0x0000027d06b5b000 Exception <a 'java/lang/reflect/InvocationTargetException'{0x00000000c57bbc70}> (0x00000000c57bbc70) thrown at [src/hotspot/share/runtime/reflection.cpp, line 1247]
Event: 10.272 Thread 0x0000027d06b5b000 Exception <a 'java/lang/reflect/InvocationTargetException'{0x00000000c56871b8}> (0x00000000c56871b8) thrown at [src/hotspot/share/runtime/reflection.cpp, line 1247]
Event: 10.959 Thread 0x0000027d06b5b000 Exception <a 'java/lang/reflect/InvocationTargetException'{0x00000000c5500e10}> (0x00000000c5500e10) thrown at [src/hotspot/share/runtime/reflection.cpp, line 1247]
Event: 11.274 Thread 0x0000027d6ce86000 Exception <a 'sun/nio/fs/WindowsException'{0x00000000c52b5158}> (0x00000000c52b5158) thrown at [src/hotspot/share/prims/jni.cpp, line 617]
Event: 11.319 Thread 0x0000027d6ce86000 Exception <a 'java/lang/NoSuchMethodError'{0x00000000c52d8708}: 'int java.lang.invoke.DirectMethodHandle$Holder.invokeStaticInit(java.lang.Object, java.lang.Object, java.lang.Object, java.lang.Object)'> (0x00000000c52d8708) thrown at [src/hotspot/share/interpreter/linkResolver.cpp, line 773]
Event: 11.479 Thread 0x0000027d06b5b000 Exception <a 'java/lang/reflect/InvocationTargetException'{0x00000000c4fbcc30}> (0x00000000c4fbcc30) thrown at [src/hotspot/share/runtime/reflection.cpp, line 1247]
Event: 11.693 Thread 0x0000027d6ce86000 Exception <a 'java/lang/NoSuchMethodError'{0x00000000c4cc64a8}: 'java.lang.Object java.lang.invoke.DirectMethodHandle$Holder.invokeStaticInit(java.lang.Object, java.lang.Object, java.lang.Object, java.lang.Object)'> (0x00000000c4cc64a8) thrown at [src/hotspot/share/interpreter/linkResolver.cpp, line 773]
Event: 11.994 Thread 0x0000027d06b5b000 Exception <a 'java/lang/reflect/InvocationTargetException'{0x00000000c5fcdd80}> (0x00000000c5fcdd80) thrown at [src/hotspot/share/runtime/reflection.cpp, line 1247]
Event: 12.510 Thread 0x0000027d06b5b000 Exception <a 'java/lang/reflect/InvocationTargetException'{0x00000000c4903918}> (0x00000000c4903918) thrown at [src/hotspot/share/runtime/reflection.cpp, line 1247]

Events (20 events):
Event: 12.791 loading class com/example/airbnb/model/OldPassword done
Event: 12.791 loading class com/example/airbnb/model/Role
Event: 12.791 loading class com/example/airbnb/model/Role done
Event: 12.791 loading class com/example/airbnb/model/Transaction
Event: 12.791 loading class com/example/airbnb/model/Transaction done
Event: 12.791 loading class com/example/airbnb/model/User
Event: 12.791 loading class com/example/airbnb/model/User done
Event: 12.792 loading class com/example/airbnb/model/Wallet
Event: 12.792 loading class com/example/airbnb/model/Wallet done
Event: 12.792 loading class org/hibernate/boot/model/source/internal/annotations/AnnotationMetadataSourceProcessorImpl$1
Event: 12.792 loading class org/hibernate/boot/model/source/internal/annotations/AnnotationMetadataSourceProcessorImpl$1 done
Event: 12.792 loading class org/hibernate/boot/spi/JpaOrmXmlPersistenceUnitDefaultAware$JpaOrmXmlPersistenceUnitDefaults
Event: 12.792 loading class org/hibernate/boot/spi/JpaOrmXmlPersistenceUnitDefaultAware$JpaOrmXmlPersistenceUnitDefaults done
Event: 12.793 loading class org/hibernate/cfg/annotations/reflection/XMLContext$Default
Event: 12.793 loading class org/hibernate/cfg/annotations/reflection/XMLContext$Default done
Event: 12.794 loading class javax/persistence/EntityListeners
Event: 12.794 loading class javax/persistence/EntityListeners done
Event: 12.794 loading class org/hibernate/cfg/AnnotationBinder
Event: 12.794 loading class org/hibernate/cfg/AnnotationBinder done
Event: 12.797 Executing VM operation: G1CollectForAllocation


Dynamic libraries:
0x00007ff7c4d50000 - 0x00007ff7c4d5a000 	C:\Program Files\JetBrains\IntelliJ IDEA 2022.1.3\jbr\bin\java.exe
0x00007ffbf1030000 - 0x00007ffbf1228000 	C:\Windows\SYSTEM32\ntdll.dll
0x00007ffbf0c60000 - 0x00007ffbf0d1d000 	C:\Windows\System32\KERNEL32.DLL
0x00007ffbee970000 - 0x00007ffbeec3e000 	C:\Windows\System32\KERNELBASE.dll
0x00007ffbee870000 - 0x00007ffbee970000 	C:\Windows\System32\ucrtbase.dll
0x00007ffbbc690000 - 0x00007ffbbc6a9000 	C:\Program Files\JetBrains\IntelliJ IDEA 2022.1.3\jbr\bin\jli.dll
0x00007ffb99b90000 - 0x00007ffb99ba6000 	C:\Program Files\JetBrains\IntelliJ IDEA 2022.1.3\jbr\bin\VCRUNTIME140.dll
0x00007ffbef2b0000 - 0x00007ffbef450000 	C:\Windows\System32\USER32.dll
0x00007ffbef060000 - 0x00007ffbef082000 	C:\Windows\System32\win32u.dll
0x00007ffbdb520000 - 0x00007ffbdb7ba000 	C:\Windows\WinSxS\amd64_microsoft.windows.common-controls_6595b64144ccf1df_6.0.19041.1110_none_60b5254171f9507e\COMCTL32.dll
0x00007ffbf0ec0000 - 0x00007ffbf0eea000 	C:\Windows\System32\GDI32.dll
0x00007ffbefd30000 - 0x00007ffbefdce000 	C:\Windows\System32\msvcrt.dll
0x00007ffbeef50000 - 0x00007ffbef05b000 	C:\Windows\System32\gdi32full.dll
0x00007ffbeec70000 - 0x00007ffbeed0d000 	C:\Windows\System32\msvcp_win.dll
0x00007ffbf0ef0000 - 0x00007ffbf0f20000 	C:\Windows\System32\IMM32.DLL
0x00007ffbbc6d0000 - 0x00007ffbbc77a000 	C:\Program Files\JetBrains\IntelliJ IDEA 2022.1.3\jbr\bin\msvcp140.dll
0x00007ffb938e0000 - 0x00007ffb9445b000 	C:\Program Files\JetBrains\IntelliJ IDEA 2022.1.3\jbr\bin\server\jvm.dll
0x00007ffbf0b00000 - 0x00007ffbf0bae000 	C:\Windows\System32\ADVAPI32.dll
0x00007ffbef090000 - 0x00007ffbef12c000 	C:\Windows\System32\sechost.dll
0x00007ffbf0d20000 - 0x00007ffbf0e45000 	C:\Windows\System32\RPCRT4.dll
0x00007ffbef2a0000 - 0x00007ffbef2a8000 	C:\Windows\System32\PSAPI.DLL
0x00007ffbda020000 - 0x00007ffbda029000 	C:\Windows\SYSTEM32\WSOCK32.dll
0x00007ffbe4020000 - 0x00007ffbe4047000 	C:\Windows\SYSTEM32\WINMM.dll
0x00007ffbf0a90000 - 0x00007ffbf0afb000 	C:\Windows\System32\WS2_32.dll
0x00007ffbe4ee0000 - 0x00007ffbe4eea000 	C:\Windows\SYSTEM32\VERSION.dll
0x00007ffbecfe0000 - 0x00007ffbecff2000 	C:\Windows\SYSTEM32\kernel.appcore.dll
0x00007ffbda000000 - 0x00007ffbda011000 	C:\Program Files\JetBrains\IntelliJ IDEA 2022.1.3\jbr\bin\verify.dll
0x00007ffbd73c0000 - 0x00007ffbd75a4000 	C:\Windows\SYSTEM32\DBGHELP.DLL
0x00007ffbd7380000 - 0x00007ffbd73ac000 	C:\Windows\SYSTEM32\dbgcore.DLL
0x00007ffbeed10000 - 0x00007ffbeed92000 	C:\Windows\System32\bcryptPrimitives.dll
0x00007ffbbef50000 - 0x00007ffbbef79000 	C:\Program Files\JetBrains\IntelliJ IDEA 2022.1.3\jbr\bin\java.dll
0x00007ffbc4580000 - 0x00007ffbc458b000 	C:\Program Files\JetBrains\IntelliJ IDEA 2022.1.3\jbr\bin\jimage.dll
0x00007ffbe76e0000 - 0x00007ffbe76ef000 	C:\Program Files\JetBrains\IntelliJ IDEA 2022.1.3\jbr\bin\instrument.dll
0x00007ffbbcf00000 - 0x00007ffbbcf19000 	C:\Program Files\JetBrains\IntelliJ IDEA 2022.1.3\jbr\bin\zip.dll
0x00007ffbf0340000 - 0x00007ffbf0a84000 	C:\Windows\System32\SHELL32.dll
0x00007ffbec7e0000 - 0x00007ffbecf74000 	C:\Windows\SYSTEM32\windows.storage.dll
0x00007ffbefdd0000 - 0x00007ffbf0124000 	C:\Windows\System32\combase.dll
0x00007ffbee0e0000 - 0x00007ffbee110000 	C:\Windows\SYSTEM32\Wldp.dll
0x00007ffbef4b0000 - 0x00007ffbef55d000 	C:\Windows\System32\SHCORE.dll
0x00007ffbef560000 - 0x00007ffbef5b5000 	C:\Windows\System32\shlwapi.dll
0x00007ffbee690000 - 0x00007ffbee6af000 	C:\Windows\SYSTEM32\profapi.dll
0x00007ffbbc640000 - 0x00007ffbbc65a000 	C:\Program Files\JetBrains\IntelliJ IDEA 2022.1.3\jbr\bin\net.dll
0x00007ffbdb130000 - 0x00007ffbdb23a000 	C:\Windows\SYSTEM32\WINHTTP.dll
0x00007ffbede40000 - 0x00007ffbedeaa000 	C:\Windows\system32\mswsock.dll
0x00007ffb99c00000 - 0x00007ffb99c14000 	C:\Program Files\JetBrains\IntelliJ IDEA 2022.1.3\jbr\bin\nio.dll
0x00007ffbda840000 - 0x00007ffbda85a000 	C:\Program Files\JetBrains\IntelliJ IDEA 2022.1.3\bin\breakgen64.dll
0x00007ffbedb70000 - 0x00007ffbedc3b000 	C:\Windows\SYSTEM32\DNSAPI.dll
0x00007ffbedb30000 - 0x00007ffbedb6b000 	C:\Windows\SYSTEM32\IPHLPAPI.DLL
0x00007ffbf0e50000 - 0x00007ffbf0e58000 	C:\Windows\System32\NSI.dll
0x00007ffbdb0e0000 - 0x00007ffbdb0ea000 	C:\Windows\System32\rasadhlp.dll
0x00007ffbdb340000 - 0x00007ffbdb3c0000 	C:\Windows\System32\fwpuclnt.dll
0x00007ffbeec40000 - 0x00007ffbeec67000 	C:\Windows\System32\bcrypt.dll
0x00007ffbbef40000 - 0x00007ffbbef4a000 	C:\Program Files\JetBrains\IntelliJ IDEA 2022.1.3\jbr\bin\management.dll
0x00007ffbbe600000 - 0x00007ffbbe60d000 	C:\Program Files\JetBrains\IntelliJ IDEA 2022.1.3\jbr\bin\management_ext.dll
0x00007ffbee040000 - 0x00007ffbee058000 	C:\Windows\SYSTEM32\CRYPTSP.dll
0x00007ffbed7c0000 - 0x00007ffbed7f4000 	C:\Windows\system32\rsaenh.dll
0x00007ffbee610000 - 0x00007ffbee63e000 	C:\Windows\SYSTEM32\USERENV.dll
0x00007ffbee030000 - 0x00007ffbee03c000 	C:\Windows\SYSTEM32\CRYPTBASE.dll
0x00007ffbe4f10000 - 0x00007ffbe4f27000 	C:\Windows\SYSTEM32\dhcpcsvc6.DLL
0x00007ffbe5140000 - 0x00007ffbe515d000 	C:\Windows\SYSTEM32\dhcpcsvc.DLL
0x00007ffbcec50000 - 0x00007ffbcec67000 	C:\Windows\system32\napinsp.dll
0x00007ffbcec30000 - 0x00007ffbcec4b000 	C:\Windows\system32\pnrpnsp.dll
0x00007ffbcec10000 - 0x00007ffbcec25000 	C:\Windows\system32\wshbth.dll
0x00007ffbe9b40000 - 0x00007ffbe9b5d000 	C:\Windows\system32\NLAapi.dll
0x00007ffbceb40000 - 0x00007ffbceb52000 	C:\Windows\System32\winrnr.dll
0x00007ffbc5900000 - 0x00007ffbc590f000 	C:\Program Files\JetBrains\IntelliJ IDEA 2022.1.3\jbr\bin\sunmscapi.dll
0x00007ffbeedf0000 - 0x00007ffbeef46000 	C:\Windows\System32\CRYPT32.dll
0x00007ffbee150000 - 0x00007ffbee177000 	C:\Windows\SYSTEM32\ncrypt.dll
0x00007ffbee110000 - 0x00007ffbee14b000 	C:\Windows\SYSTEM32\NTASN1.dll
0x00007ffb99bd0000 - 0x00007ffb99bf8000 	C:\Program Files\JetBrains\IntelliJ IDEA 2022.1.3\jbr\bin\sunec.dll

dbghelp: loaded successfully - version: 4.0.5 - missing functions: none
symbol engine: initialized successfully - sym options: 0x614 - pdb path: .;C:\Program Files\JetBrains\IntelliJ IDEA 2022.1.3\jbr\bin;C:\Windows\SYSTEM32;C:\Windows\WinSxS\amd64_microsoft.windows.common-controls_6595b64144ccf1df_6.0.19041.1110_none_60b5254171f9507e;C:\Program Files\JetBrains\IntelliJ IDEA 2022.1.3\jbr\bin\server;C:\Program Files\JetBrains\IntelliJ IDEA 2022.1.3\bin

VM Arguments:
jvm_args: -XX:TieredStopAtLevel=1 -Xverify:none -Dspring.output.ansi.enabled=always -Dcom.sun.management.jmxremote -Dspring.jmx.enabled=true -Dspring.liveBeansView.mbeanDomain -Dspring.application.admin.enabled=true -javaagent:C:\Program Files\JetBrains\IntelliJ IDEA 2022.1.3\lib\idea_rt.jar=51604:C:\Program Files\JetBrains\IntelliJ IDEA 2022.1.3\bin -Dfile.encoding=UTF-8 
java_command: com.example.airbnb.AirbnbApplication
java_class_path (initial): E:\Financial-Management-BackEnd\build\classes\java\main;E:\Financial-Management-BackEnd\build\resources\main;C:\Users\Windows 10\.gradle\caches\modules-2\files-2.1\io.jsonwebtoken\jjwt\0.9.0\64e3ed8a5f0bc93ecea592a0b3280f995efbdfe9\jjwt-0.9.0.jar;C:\Users\Windows 10\.gradle\caches\modules-2\files-2.1\org.springframework.security\spring-security-jwt\1.0.10.RELEASE\19a1ca7a83e9d263a31af5f529da460f8f863451\spring-security-jwt-1.0.10.RELEASE.jar;C:\Users\Windows 10\.gradle\caches\modules-2\files-2.1\org.springframework.boot\spring-boot-starter-security\2.2.2.RELEASE\4644039ba9ff9e74b41d92a715d7e7640ba0e7f5\spring-boot-starter-security-2.2.2.RELEASE.jar;C:\Users\Windows 10\.gradle\caches\modules-2\files-2.1\org.springframework.security\spring-security-core\5.2.1.RELEASE\f1265ecdd4636a2038768c2ab9da4b79961a3465\spring-security-core-5.2.1.RELEASE.jar;C:\Users\Windows 10\.gradle\caches\modules-2\files-2.1\org.springframework.boot\spring-boot-starter-mail\1.2.0.RELEASE\4f06890a34955556b428d6f42695fcd117ea27f\spring-boot-starter-mail-1.2.0.RELEASE.jar;C:\Users\Windows 10\.gradle\caches\modules-2\files-2.1\org.projectlombok\lombok\1.18.10\625fc0055674dff70dbc76efa36d0f2c89b04a24\lombok-1.18.10.jar;C:\Users\Windows 10\.gradle\caches\modules-2\files-2.1\org.springframework.boot\spring-boot-starter-data-jdbc\2.2.2.RELEASE\d8588a7645b34db1b38d2ec46ae280dbd087f53d\spring-boot-starter-data-jdbc-2.2.2.RELEASE.jar;C:\Users\Windows 10\.gradle\caches\modules-2\files-2.1\org.springframework.boot\spring-boot-starter-data-jpa\2.2.2.RELEASE\70fca038c1bbb1e9d0d6bedd1035f091ad024a7e\spring-boot-starter-data-jpa-2.2.2.RELEASE.jar;C:\Users\Windows 10\.gradle\caches\modules-2\files-2.1\org.springframework.boot\spring-boot-starter-web-services\2.2.2.RELEASE\1947b9223d4324d9eaca6b83152f1af723466283\spring-boot-starter-web-services-2.2.2.RELEASE.jar;C:\Users\Windows 10\.gradle\caches\modules-2\files-2.1\org.springframework.boot\spring-boot-starter-web\2.2.2.RELEASE\3e15
Launcher Type: SUN_STANDARD

[Global flags]
     bool BytecodeVerificationLocal                = false                                     {product} {command line}
     bool BytecodeVerificationRemote               = false                                     {product} {command line}
     intx CICompilerCount                          = 3                                         {product} {ergonomic}
     uint ConcGCThreads                            = 1                                         {product} {ergonomic}
     uint G1ConcRefinementThreads                  = 4                                         {product} {ergonomic}
   size_t G1HeapRegionSize                         = 1048576                                   {product} {ergonomic}
    uintx GCDrainStackTargetSize                   = 64                                        {product} {ergonomic}
   size_t InitialHeapSize                          = 67108864                                  {product} {ergonomic}
     bool ManagementServer                         = true                                      {product} {command line}
   size_t MarkStackSize                            = 4194304                                   {product} {ergonomic}
   size_t MaxHeapSize                              = 1048576000                                {product} {ergonomic}
   size_t MaxNewSize                               = 629145600                                 {product} {ergonomic}
   size_t MinHeapDeltaBytes                        = 1048576                                   {product} {ergonomic}
    uintx NonNMethodCodeHeapSize                   = 6973028                                {pd product} {ergonomic}
    uintx NonProfiledCodeHeapSize                  = 244685212                              {pd product} {ergonomic}
    uintx ProfiledCodeHeapSize                     = 0                                      {pd product} {ergonomic}
    uintx ReservedCodeCacheSize                    = 251658240                              {pd product} {ergonomic}
     bool SegmentedCodeCache                       = true                                      {product} {ergonomic}
     intx TieredStopAtLevel                        = 1                                         {product} {command line}
     bool UseCompressedClassPointers               = true                                 {lp64_product} {ergonomic}
     bool UseCompressedOops                        = true                                 {lp64_product} {ergonomic}
     bool UseG1GC                                  = true                                      {product} {ergonomic}
     bool UseLargePagesIndividualAllocation        = false                                  {pd product} {ergonomic}

Logging:
Log output configuration:
 #0: stdout all=warning uptime,level,tags
 #1: stderr all=off uptime,level,tags

Environment Variables:
PATH=C:\Windows\system32;C:\Windows;C:\Windows\System32\Wbem;C:\Windows\System32\WindowsPowerShell\v1.0\;C:\Windows\System32\OpenSSH\;C:\Program Files (x86)\AOMEI\AOMEI Backupper\6.5.0;C:\Program Files\Git\cmd;C:\Program Files\nodejs\;C:\Users\Windows 10\AppData\Local\Microsoft\WindowsApps;;C:\Users\Windows 10\AppData\Local\Programs\Microsoft VS Code\bin;C:\Program Files\JetBrains\IntelliJ IDEA 2022.1.3\bin;;C:\Users\Windows 10\AppData\Roaming\npm
USERNAME=Windows 10
OS=Windows_NT
PROCESSOR_IDENTIFIER=Intel64 Family 6 Model 78 Stepping 3, GenuineIntel



---------------  S Y S T E M  ---------------

OS: Windows 10 , 64 bit Build 19041 (10.0.19041.1806)
OS uptime: 0 days 1:56 hours

CPU:total 4 (initial active 4) (2 cores per cpu, 2 threads per core) family 6 model 78 stepping 3 microcode 0xcc, cmov, cx8, fxsr, mmx, sse, sse2, sse3, ssse3, sse4.1, sse4.2, popcnt, avx, avx2, aes, clmul, erms, 3dnowpref, lzcnt, ht, tsc, tscinvbit, bmi1, bmi2, adx, fma

Memory: 4k page, system-wide physical 3994M (345M free)
TotalPageFile size 11364M (AvailPageFile size 9M)
current process WorkingSet (physical memory assigned to process): 180M, peak: 180M
current process commit charge ("private bytes"): 216M, peak: 232M

vm_info: OpenJDK 64-Bit Server VM (11.0.15+10-b2043.56) for windows-amd64 JRE (11.0.15+10-b2043.56), built on May 16 2022 02:28:12 by "" with MS VC++ 14.0 (VS2015)

END.
