#
# There is insufficient memory for the Java Runtime Environment to continue.
# Native memory allocation (mmap) failed to map 134217728 bytes for Failed to commit area from 0x00000000d1200000 to 0x00000000d9200000 of length 134217728.
# Possible reasons:
#   The system is out of physical RAM or swap space
#   The process is running with CompressedOops enabled, and the Java Heap may be blocking the growth of the native heap
# Possible solutions:
#   Reduce memory load on the system
#   Increase physical memory or swap space
#   Check if swap backing store is full
#   Decrease Java heap size (-Xmx/-Xms)
#   Decrease number of Java threads
#   Decrease Java thread stack sizes (-Xss)
#   Set larger code cache with -XX:ReservedCodeCacheSize=
# This output file may be truncated or incomplete.
#
#  Out of Memory Error (src/hotspot/os/windows/os_windows.cpp:3627), pid=11772, tid=4388
#
# JRE version:  (11.0.15+10) (build )
# Java VM: OpenJDK 64-Bit Server VM (11.0.15+10-b2043.56, mixed mode, sharing, tiered, compressed oops, g1 gc, windows-amd64)
# No core dump will be written. Minidumps are not enabled by default on client versions of Windows
#

---------------  S U M M A R Y ------------

Command Line: -Djava.rmi.server.hostname=127.0.0.1 -Duser.timezone=UTC -Xmx750m -Xms128m -Dfile.encoding=UTF-8 com.intellij.database.remote.RemoteJdbcServer com.mysql.cj.jdbc.Driver

Host: Intel(R) Core(TM) i5-6200U CPU @ 2.30GHz, 4 cores, 3G,  Windows 10 , 64 bit Build 19041 (10.0.19041.1806)
Time: Tue Aug  9 09:33:02 2022 SE Asia Standard Time elapsed time: 0.065386 seconds (0d 0h 0m 0s)

---------------  T H R E A D  ---------------

Current thread (0x0000022e5ec58000):  JavaThread "Unknown thread" [_thread_in_vm, id=4388, stack(0x000000a9c2b00000,0x000000a9c2c00000)]

Stack: [0x000000a9c2b00000,0x000000a9c2c00000]
Native frames: (J=compiled Java code, j=interpreted, Vv=VM code, C=native code)
V  [jvm.dll+0x61612a]
V  [jvm.dll+0x79c450]
V  [jvm.dll+0x79da6d]
V  [jvm.dll+0x79e143]
V  [jvm.dll+0x24cc18]
V  [jvm.dll+0x613174]
V  [jvm.dll+0x607e55]
V  [jvm.dll+0x30b1cb]
V  [jvm.dll+0x30b13a]
V  [jvm.dll+0x30b012]
V  [jvm.dll+0x30ff76]
V  [jvm.dll+0x35b4c3]
V  [jvm.dll+0x35bbc6]
V  [jvm.dll+0x35b5c3]
V  [jvm.dll+0x2e5918]
V  [jvm.dll+0x2e6ab7]
V  [jvm.dll+0x7794f7]
V  [jvm.dll+0x77acec]
V  [jvm.dll+0x368a59]
V  [jvm.dll+0x75ce8e]
V  [jvm.dll+0x3d6a33]
V  [jvm.dll+0x3d9001]
C  [jli.dll+0x536b]
C  [ucrtbase.dll+0x21bb2]
C  [KERNEL32.DLL+0x17034]
C  [ntdll.dll+0x52651]


---------------  P R O C E S S  ---------------

Threads class SMR info:
_java_thread_list=0x0000022e5ea912a0, length=0, elements={
}

Java Threads: ( => current thread )

Other Threads:
  0x0000022e5ec71000 GCTaskThread "GC Thread#0" [stack: 0x000000a9c2c00000,0x000000a9c2d00000] [id=1448]
  0x0000022e5ec86800 ConcurrentGCThread "G1 Main Marker" [stack: 0x000000a9c2d00000,0x000000a9c2e00000] [id=10188]
  0x0000022e5ec89000 ConcurrentGCThread "G1 Conc#0" [stack: 0x000000a9c2e00000,0x000000a9c2f00000] [id=7624]

[error occurred during error reporting (printing all threads), id 0xc0000005, EXCEPTION_ACCESS_VIOLATION (0xc0000005) at pc=0x00007ffb93bd6017]

VM state:not at safepoint (not fully initialized)

VM Mutex/Monitor currently owned by a thread:  ([mutex/lock_event])
[0x0000022e5ec55e30] Heap_lock - owner thread: 0x0000022e5ec58000

Heap address: 0x00000000d1200000, size: 750 MB, Compressed Oops mode: Non-zero based: 0x00000000d1200000
Narrow klass base: 0x0000000000000000, Narrow klass shift: 0

GC Heap History (0 events):
No events

Deoptimization events (0 events):
No events

Classes redefined (0 events):
No events

Internal exceptions (0 events):
No events

Events (1 events):
Event: 0.018 Loaded shared library C:\Program Files\JetBrains\IntelliJ IDEA 2022.1.3\jbr\bin\zip.dll


Dynamic libraries:
0x00007ff7c4d50000 - 0x00007ff7c4d5a000 	C:\Program Files\JetBrains\IntelliJ IDEA 2022.1.3\jbr\bin\java.exe
0x00007ffbf1030000 - 0x00007ffbf1228000 	C:\Windows\SYSTEM32\ntdll.dll
0x00007ffbf0c60000 - 0x00007ffbf0d1d000 	C:\Windows\System32\KERNEL32.DLL
0x00007ffbee970000 - 0x00007ffbeec3e000 	C:\Windows\System32\KERNELBASE.dll
0x00007ffbee870000 - 0x00007ffbee970000 	C:\Windows\System32\ucrtbase.dll
0x00007ffbbc690000 - 0x00007ffbbc6a9000 	C:\Program Files\JetBrains\IntelliJ IDEA 2022.1.3\jbr\bin\jli.dll
0x00007ffb99b90000 - 0x00007ffb99ba6000 	C:\Program Files\JetBrains\IntelliJ IDEA 2022.1.3\jbr\bin\VCRUNTIME140.dll
0x00007ffbef2b0000 - 0x00007ffbef450000 	C:\Windows\System32\USER32.dll
0x00007ffbef060000 - 0x00007ffbef082000 	C:\Windows\System32\win32u.dll
0x00007ffbf0ec0000 - 0x00007ffbf0eea000 	C:\Windows\System32\GDI32.dll
0x00007ffbeef50000 - 0x00007ffbef05b000 	C:\Windows\System32\gdi32full.dll
0x00007ffbeec70000 - 0x00007ffbeed0d000 	C:\Windows\System32\msvcp_win.dll
0x00007ffbdb520000 - 0x00007ffbdb7ba000 	C:\Windows\WinSxS\amd64_microsoft.windows.common-controls_6595b64144ccf1df_6.0.19041.1110_none_60b5254171f9507e\COMCTL32.dll
0x00007ffbefd30000 - 0x00007ffbefdce000 	C:\Windows\System32\msvcrt.dll
0x00007ffbf0ef0000 - 0x00007ffbf0f20000 	C:\Windows\System32\IMM32.DLL
0x00007ffbbc6d0000 - 0x00007ffbbc77a000 	C:\Program Files\JetBrains\IntelliJ IDEA 2022.1.3\jbr\bin\msvcp140.dll
0x00007ffb938e0000 - 0x00007ffb9445b000 	C:\Program Files\JetBrains\IntelliJ IDEA 2022.1.3\jbr\bin\server\jvm.dll
0x00007ffbf0b00000 - 0x00007ffbf0bae000 	C:\Windows\System32\ADVAPI32.dll
0x00007ffbef090000 - 0x00007ffbef12c000 	C:\Windows\System32\sechost.dll
0x00007ffbf0d20000 - 0x00007ffbf0e45000 	C:\Windows\System32\RPCRT4.dll
0x00007ffbef2a0000 - 0x00007ffbef2a8000 	C:\Windows\System32\PSAPI.DLL
0x00007ffbda020000 - 0x00007ffbda029000 	C:\Windows\SYSTEM32\WSOCK32.dll
0x00007ffbf0a90000 - 0x00007ffbf0afb000 	C:\Windows\System32\WS2_32.dll
0x00007ffbe4ee0000 - 0x00007ffbe4eea000 	C:\Windows\SYSTEM32\VERSION.dll
0x00007ffbe4020000 - 0x00007ffbe4047000 	C:\Windows\SYSTEM32\WINMM.dll
0x00007ffbecfe0000 - 0x00007ffbecff2000 	C:\Windows\SYSTEM32\kernel.appcore.dll
0x00007ffbda000000 - 0x00007ffbda011000 	C:\Program Files\JetBrains\IntelliJ IDEA 2022.1.3\jbr\bin\verify.dll
0x00007ffbd73c0000 - 0x00007ffbd75a4000 	C:\Windows\SYSTEM32\DBGHELP.DLL
0x00007ffbd7380000 - 0x00007ffbd73ac000 	C:\Windows\SYSTEM32\dbgcore.DLL
0x00007ffbeed10000 - 0x00007ffbeed92000 	C:\Windows\System32\bcryptPrimitives.dll
0x00007ffbbef50000 - 0x00007ffbbef79000 	C:\Program Files\JetBrains\IntelliJ IDEA 2022.1.3\jbr\bin\java.dll
0x00007ffbc4580000 - 0x00007ffbc458b000 	C:\Program Files\JetBrains\IntelliJ IDEA 2022.1.3\jbr\bin\jimage.dll
0x00007ffbbcf00000 - 0x00007ffbbcf19000 	C:\Program Files\JetBrains\IntelliJ IDEA 2022.1.3\jbr\bin\zip.dll

dbghelp: loaded successfully - version: 4.0.5 - missing functions: none
symbol engine: initialized successfully - sym options: 0x614 - pdb path: .;C:\Program Files\JetBrains\IntelliJ IDEA 2022.1.3\jbr\bin;C:\Windows\SYSTEM32;C:\Windows\WinSxS\amd64_microsoft.windows.common-controls_6595b64144ccf1df_6.0.19041.1110_none_60b5254171f9507e;C:\Program Files\JetBrains\IntelliJ IDEA 2022.1.3\jbr\bin\server

VM Arguments:
jvm_args: -Djava.rmi.server.hostname=127.0.0.1 -Duser.timezone=UTC -Xmx750m -Xms128m -Dfile.encoding=UTF-8 
java_command: com.intellij.database.remote.RemoteJdbcServer com.mysql.cj.jdbc.Driver
java_class_path (initial): C:\Program Files\JetBrains\IntelliJ IDEA 2022.1.3\lib\util_rt.jar;C:\Program Files\JetBrains\IntelliJ IDEA 2022.1.3\lib\util.jar;C:\Program Files\JetBrains\IntelliJ IDEA 2022.1.3\lib\groovy.jar;C:\Program Files\JetBrains\IntelliJ IDEA 2022.1.3\plugins\DatabaseTools\lib\jdbc-console.jar;C:\Users\Windows 10\AppData\Roaming\JetBrains\IntelliJIdea2022.1\jdbc-drivers\MySQL ConnectorJ\8.0.25\mysql-connector-java-8.0.25.jar
Launcher Type: SUN_STANDARD

[Global flags]
     intx CICompilerCount                          = 3                                         {product} {ergonomic}
     uint ConcGCThreads                            = 1                                         {product} {ergonomic}
     uint G1ConcRefinementThreads                  = 4                                         {product} {ergonomic}
   size_t G1HeapRegionSize                         = 1048576                                   {product} {ergonomic}
    uintx GCDrainStackTargetSize                   = 64                                        {product} {ergonomic}
   size_t InitialHeapSize                          = 134217728                                 {product} {command line}
   size_t MarkStackSize                            = 4194304                                   {product} {ergonomic}
   size_t MaxHeapSize                              = 786432000                                 {product} {command line}
   size_t MinHeapDeltaBytes                        = 1048576                                   {product} {ergonomic}
    uintx NonNMethodCodeHeapSize                   = 5830732                                {pd product} {ergonomic}
    uintx NonProfiledCodeHeapSize                  = 122913754                              {pd product} {ergonomic}
    uintx ProfiledCodeHeapSize                     = 122913754                              {pd product} {ergonomic}
    uintx ReservedCodeCacheSize                    = 251658240                              {pd product} {ergonomic}
     bool SegmentedCodeCache                       = true                                      {product} {ergonomic}
     bool UseCompressedClassPointers               = true                                 {lp64_product} {ergonomic}
     bool UseCompressedOops                        = true                                 {lp64_product} {ergonomic}
     bool UseG1GC                                  = true                                      {product} {ergonomic}
     bool UseLargePagesIndividualAllocation        = false                                  {pd product} {ergonomic}

Logging:
Log output configuration:
 #0: stdout all=warning uptime,level,tags
 #1: stderr all=off uptime,level,tags

Environment Variables:
PATH=C:\Windows\system32;C:\Windows;C:\Windows\System32\Wbem;C:\Windows\System32\WindowsPowerShell\v1.0\;C:\Windows\System32\OpenSSH\;C:\Program Files (x86)\AOMEI\AOMEI Backupper\6.5.0;C:\Program Files\Git\cmd;C:\Program Files\nodejs\;C:\Users\Windows 10\AppData\Local\Microsoft\WindowsApps;;C:\Users\Windows 10\AppData\Local\Programs\Microsoft VS Code\bin;C:\Program Files\JetBrains\IntelliJ IDEA 2022.1.3\bin;;C:\Users\Windows 10\AppData\Roaming\npm
USERNAME=Windows 10
OS=Windows_NT
PROCESSOR_IDENTIFIER=Intel64 Family 6 Model 78 Stepping 3, GenuineIntel



---------------  S Y S T E M  ---------------

OS: Windows 10 , 64 bit Build 19041 (10.0.19041.1806)
OS uptime: 0 days 1:33 hours

CPU:total 4 (initial active 4) (2 cores per cpu, 2 threads per core) family 6 model 78 stepping 3 microcode 0xcc, cmov, cx8, fxsr, mmx, sse, sse2, sse3, ssse3, sse4.1, sse4.2, popcnt, avx, avx2, aes, clmul, erms, 3dnowpref, lzcnt, ht, tsc, tscinvbit, bmi1, bmi2, adx, fma

Memory: 4k page, system-wide physical 3994M (296M free)
TotalPageFile size 11364M (AvailPageFile size 106M)
current process WorkingSet (physical memory assigned to process): 9M, peak: 9M
current process commit charge ("private bytes"): 51M, peak: 179M

vm_info: OpenJDK 64-Bit Server VM (11.0.15+10-b2043.56) for windows-amd64 JRE (11.0.15+10-b2043.56), built on May 16 2022 02:28:12 by "" with MS VC++ 14.0 (VS2015)

END.
